Log file open, 08/06/18 01:41:09
LogWindows: Failed to load 'aqProf.dll' (GetLastError=126)
LogWindows: File 'aqProf.dll' does not exist
LogWindows: Failed to load 'VSPerf140.dll' (GetLastError=126)
LogWindows: File 'VSPerf140.dll' does not exist
LogWindows: Failed to load 'VtuneApi.dll' (GetLastError=126)
LogWindows: File 'VtuneApi.dll' does not exist
LogWindows: Failed to load 'VtuneApi32e.dll' (GetLastError=126)
LogWindows: File 'VtuneApi32e.dll' does not exist
LogInit: Display: Running engine for game: ItemPrototype_LJS
LogPlatformFile: Not using cached read wrapper
LogTaskGraph: Started task graph with 5 named threads and 14 total threads with 3 sets of task threads.
LogStats: Stats thread started at 0.221640
LogD3D11RHI: Loaded GFSDK_Aftermath_Lib.x64.dll
LogICUInternationalization: Display: ICU TimeZone Detection - Raw Offset: +9:00, Platform Override: ''
LogPluginManager: Mounting plugin Paper2D
LogPluginManager: Mounting plugin AISupport
LogPluginManager: Mounting plugin LightPropagationVolume
LogPluginManager: Mounting plugin CLionSourceCodeAccess
LogPluginManager: Mounting plugin CodeLiteSourceCodeAccess
LogPluginManager: Mounting plugin GitSourceControl
LogPluginManager: Mounting plugin KDevelopSourceCodeAccess
LogPluginManager: Mounting plugin NullSourceCodeAccess
LogPluginManager: Mounting plugin PerforceSourceControl
LogPluginManager: Mounting plugin SubversionSourceControl
LogPluginManager: Mounting plugin UObjectPlugin
LogPluginManager: Mounting plugin VisualStudioCodeSourceCodeAccess
LogPluginManager: Mounting plugin VisualStudioSourceCodeAccess
LogPluginManager: Mounting plugin XCodeSourceCodeAccess
LogPluginManager: Mounting plugin AssetManagerEditor
LogPluginManager: Mounting plugin CryptoKeys
LogPluginManager: Mounting plugin DataValidation
LogPluginManager: Mounting plugin FacialAnimation
LogPluginManager: Mounting plugin GameplayTagsEditor
LogPluginManager: Mounting plugin MacGraphicsSwitching
LogPluginManager: Mounting plugin MeshEditor
LogPluginManager: Mounting plugin MobileLauncherProfileWizard
LogPluginManager: Mounting plugin PluginBrowser
LogPluginManager: Mounting plugin SpeedTreeImporter
LogPluginManager: Mounting plugin DatasmithContent
LogPluginManager: Mounting plugin AlembicImporter
LogPluginManager: Mounting plugin AppleImageUtils
LogPluginManager: Mounting plugin AppleVision
LogPluginManager: Mounting plugin BackChannel
LogPluginManager: Mounting plugin CharacterAI
LogPluginManager: Mounting plugin GeometryCache
LogPluginManager: Mounting plugin HTML5Networking
LogPluginManager: Mounting plugin ProxyLODPlugin
LogPluginManager: Mounting plugin MagicLeap
LogPluginManager: Mounting plugin MagicLeapEmulator
LogPluginManager: Mounting plugin MagicLeapMedia
LogPluginManager: Mounting plugin AndroidMedia
LogPluginManager: Mounting plugin AvfMedia
LogPluginManager: Mounting plugin ImgMedia
LogPluginManager: Mounting plugin LinearTimecode
LogPluginManager: Mounting plugin MediaCompositing
LogPluginManager: Mounting plugin MediaPlayerEditor
LogPluginManager: Mounting plugin WmfMedia
LogPluginManager: Mounting plugin TcpMessaging
LogPluginManager: Mounting plugin UdpMessaging
LogPluginManager: Mounting plugin ActorSequence
LogPluginManager: Mounting plugin LevelSequenceEditor
LogPluginManager: Mounting plugin MatineeToLevelSequence
LogPluginManager: Mounting plugin NetcodeUnitTest
LogPluginManager: Mounting plugin NUTUnrealEngine4
LogPluginManager: Mounting plugin OnlineSubsystemGooglePlay
LogPluginManager: Mounting plugin OnlineSubsystemIOS
LogPluginManager: Mounting plugin OnlineSubsystem
LogPluginManager: Mounting plugin OnlineSubsystemNull
LogPluginManager: Mounting plugin OnlineSubsystemUtils
LogPluginManager: Mounting plugin LauncherChunkInstaller
LogPluginManager: Mounting plugin AndroidDeviceProfileSelector
LogPluginManager: Mounting plugin AndroidMoviePlayer
LogPluginManager: Mounting plugin AndroidPermission
LogPluginManager: Mounting plugin AppleMoviePlayer
LogPluginManager: Mounting plugin ArchVisCharacter
LogPluginManager: Mounting plugin AudioCapture
LogPluginManager: Mounting plugin CableComponent
LogPluginManager: Mounting plugin CustomMeshComponent
LogPluginManager: Mounting plugin EditableMesh
LogPluginManager: Mounting plugin ExampleDeviceProfileSelector
LogPluginManager: Mounting plugin GoogleCloudMessaging
LogPluginManager: Mounting plugin ImmediatePhysics
LogPluginManager: Mounting plugin IOSDeviceProfileSelector
LogPluginManager: Mounting plugin LinuxDeviceProfileSelector
LogPluginManager: Mounting plugin LocationServicesBPLibrary
LogPluginManager: Mounting plugin MobilePatchingUtils
LogPluginManager: Mounting plugin OculusVR
LogPluginManager: Plugin shader directory ../../../Engine/Plugins/Runtime/Oculus/OculusVR/Shaders found
LogPluginManager: Mapping shader source directory ../../../Engine/Plugins/Runtime/Oculus/OculusVR/Shaders to virtual directory /Plugin/OculusVR
LogPluginManager: Mounting plugin PhysXVehicles
LogPluginManager: Mounting plugin ProceduralMeshComponent
LogPluginManager: Mounting plugin RuntimePhysXCooking
LogPluginManager: Mounting plugin SteamVR
LogPluginManager: Mounting plugin WindowsMoviePlayer
LogStreaming: Display: Took  0.127s to configure plugins.
LogInit: Using libcurl 7.55.1-DEV
LogInit:  - built for x86_64-pc-win32
LogInit:  - supports SSL with OpenSSL/1.0.2h
LogInit:  - supports HTTP deflate (compression) using libz 1.2.8
LogInit:  - other features:
LogInit:      CURL_VERSION_SSL
LogInit:      CURL_VERSION_LIBZ
LogInit:      CURL_VERSION_IPV6
LogInit:      CURL_VERSION_ASYNCHDNS
LogInit:      CURL_VERSION_LARGEFILE
LogInit:      CURL_VERSION_IDN
LogInit:  CurlRequestOptions (configurable via config and command line):
LogInit:  - bVerifyPeer = false  - Libcurl will NOT verify peer certificate
LogInit:  - bUseHttpProxy = false  - Libcurl will NOT use HTTP proxy
LogInit:  - bDontReuseConnections = false  - Libcurl will reuse connections
LogInit:  - CertBundlePath = nullptr  - Libcurl will use whatever was configured at build time.
LogInit:  - MaxHostConnections = 16  - Libcurl will limit the number of connections to a host
LogInit:  - LocalHostAddr = Default
LogInit:  - BufferSize = 65536
LogInit: WinSock: version 1.1 (2.2), MaxSocks=32767, MaxUdp=65467
LogInit: Build: ++UE4+Release-4.20-CL-4233996
LogInit: Engine Version: 4.20.1-4233996+++UE4+Release-4.20
LogInit: Compatible Engine Version: 4.20.0-4212847+++UE4+Release-4.20
LogInit: Net CL: 4212847
LogInit: OS: Windows 10 (), CPU:         Intel(R) Core(TM) i5-3570 CPU @ 3.40GHz, GPU: NVIDIA GeForce GTX 660
LogInit: Compiled (64-bit): Jul 26 2018 10:07:30
LogInit: Compiled with Visual C++: 19.13.26129.00
LogInit: Build Configuration: Development
LogInit: Branch Name: ++UE4+Release-4.20
LogInit: Command Line:  
LogInit: Base Directory: C:/Program Files/Epic Games/UE_4.20/Engine/Binaries/Win64/
LogInit: Installed Engine Build: 1
LogDevObjectVersion: Number of dev versions registered: 20
LogDevObjectVersion:   Dev-Blueprints (B0D832E4-1F89-4F0D-ACCF-7EB736FD4AA2): 10
LogDevObjectVersion:   Dev-Build (E1C64328-A22C-4D53-A36C-8E866417BD8C): 0
LogDevObjectVersion:   Dev-Core (375EC13C-06E4-48FB-B500-84F0262A717E): 2
LogDevObjectVersion:   Dev-Editor (E4B068ED-F494-42E9-A231-DA0B2E46BB41): 24
LogDevObjectVersion:   Dev-Framework (CFFC743F-43B0-4480-9391-14DF171D2073): 34
LogDevObjectVersion:   Dev-Mobile (B02B49B5-BB20-44E9-A304-32B752E40360): 2
LogDevObjectVersion:   Dev-Networking (A4E4105C-59A1-49B5-A7C5-40C4547EDFEE): 0
LogDevObjectVersion:   Dev-Online (39C831C9-5AE6-47DC-9A44-9C173E1C8E7C): 0
LogDevObjectVersion:   Dev-Physics (78F01B33-EBEA-4F98-B9B4-84EACCB95AA2): 0
LogDevObjectVersion:   Dev-Platform (6631380F-2D4D-43E0-8009-CF276956A95A): 0
LogDevObjectVersion:   Dev-Rendering (12F88B9F-8875-4AFC-A67C-D90C383ABD29): 26
LogDevObjectVersion:   Dev-Sequencer (7B5AE74C-D270-4C10-A958-57980B212A5A): 9
LogDevObjectVersion:   Dev-VR (D7296918-1DD6-4BDD-9DE2-64A83CC13884): 2
LogDevObjectVersion:   Dev-LoadTimes (C2A15278-BFE7-4AFE-6C17-90FF531DF755): 1
LogDevObjectVersion:   Private-Geometry (6EACA3D4-40EC-4CC1-B786-8BED09428FC5): 3
LogDevObjectVersion:   Dev-AnimPhys (29E575DD-E0A3-4627-9D10-D276232CDCEA): 17
LogDevObjectVersion:   Dev-ReflectionCapture (6B266CEC-1EC7-4B8F-A30B-E4D90942FC07): 1
LogDevObjectVersion:   Dev-Automation (0DF73D61-A23F-47EA-B727-89E90C41499A): 1
LogDevObjectVersion:   FortniteMain (601D1886-AC64-4F84-AA16-D3DE0DEAC7D6): 12
LogDevObjectVersion:   Dev-Enterprise (9DFFBCD6-494F-0158-E221-12823C92A888): 1
LogStreaming: Display: Took  0.001s to delete old logs.
LogInit: Presizing for max 8388607 objects, including 0 objects not considered by GC, pre-allocating 0 bytes for permanent pool.
LogInit: Object subsystem initialized
[2018.08.05-16.41.09:492][  0]LogInit: Selected Device Profile: [Windows]
[2018.08.05-16.41.09:492][  0]LogInit: Applying CVar settings loaded from the selected device profile: [Windows]
[2018.08.05-16.41.09:506][  0]LogHAL: Display: Platform has ~ 16 GB [17058672640 / 17179869184 / 16], which maps to Larger [LargestMinGB=32, LargerMinGB=12, DefaultMinGB=8, SmallerMinGB=6, SmallestMinGB=0)
[2018.08.05-16.41.09:506][  0]LogInit: Setting Device Profile CVar: [[r.Vulkan.UseRealUBs:1]]
[2018.08.05-16.41.09:506][  0]LogInit: Going up to parent DeviceProfile []
[2018.08.05-16.41.09:506][  0]LogInit: Computer: DESKTOP-VTQMR3U
[2018.08.05-16.41.09:507][  0]LogInit: User: ukyos
[2018.08.05-16.41.09:507][  0]LogInit: CPU Page size=4096, Cores=4
[2018.08.05-16.41.09:507][  0]LogInit: High frequency timer resolution =3.312796 MHz
[2018.08.05-16.41.09:507][  0]LogMemory: Memory total: Physical=15.9GB (16GB approx)
[2018.08.05-16.41.09:507][  0]LogMemory: Platform Memory Stats for Windows
[2018.08.05-16.41.09:507][  0]LogMemory: Process Physical Memory: 102.35 MB used, 102.35 MB peak
[2018.08.05-16.41.09:507][  0]LogMemory: Process Virtual Memory: 96.04 MB used, 96.04 MB peak
[2018.08.05-16.41.09:507][  0]LogMemory: Physical Memory: 6041.61 MB used,  10226.81 MB free, 16268.42 MB total
[2018.08.05-16.41.09:507][  0]LogMemory: Virtual Memory: 4631.27 MB used,  10226.81 MB free, 134217728.00 MB total
[2018.08.05-16.41.09:534][  0]LogInit: Overriding language with editor language configuration option (en).
[2018.08.05-16.41.09:534][  0]LogInit: Overriding locale with editor locale configuration option (en).
[2018.08.05-16.41.09:929][  0]LogStreaming: Display: Took  0.395s to InitEngineTextLocalization.
[2018.08.05-16.41.09:929][  0]LogInit: Setting process to per monitor DPI aware
[2018.08.05-16.41.09:962][  0]LogSlate: New Slate User Created.  User Index 0, Is Virtual User: 0
[2018.08.05-16.41.09:962][  0]LogSlate: Slate User Registered.  User Index 0, Is Virtual User: 0
[2018.08.05-16.41.10:246][  0]LogHMD: Failed to initialize OpenVR with code 110
[2018.08.05-16.41.10:246][  0]LogD3D11RHI: D3D11 adapters:
[2018.08.05-16.41.10:310][  0]LogD3D11RHI:    0. 'NVIDIA GeForce GTX 660' (Feature Level 11_0)
[2018.08.05-16.41.10:310][  0]LogD3D11RHI:       1998/0/8134 MB DedicatedVideo/DedicatedSystem/SharedSystem, Outputs:1, VendorId:0x10de
[2018.08.05-16.41.10:315][  0]LogD3D11RHI:    1. 'Intel(R) HD Graphics' (Feature Level 11_0)
[2018.08.05-16.41.10:315][  0]LogD3D11RHI:       32/0/1760 MB DedicatedVideo/DedicatedSystem/SharedSystem, Outputs:0, VendorId:0x8086
[2018.08.05-16.41.10:317][  0]LogD3D11RHI:    2. 'Microsoft Basic Render Driver' (Feature Level 11_0)
[2018.08.05-16.41.10:317][  0]LogD3D11RHI:       0/0/8134 MB DedicatedVideo/DedicatedSystem/SharedSystem, Outputs:0, VendorId:0x1414
[2018.08.05-16.41.10:317][  0]LogD3D11RHI: Chosen D3D11 Adapter: 0
[2018.08.05-16.41.10:322][  0]LogD3D11RHI: Creating new Direct3DDevice
[2018.08.05-16.41.10:322][  0]LogD3D11RHI:     GPU DeviceId: 0x11c0 (for the marketing name, search the web for "GPU Device Id")
[2018.08.05-16.41.10:322][  0]LogWindows: EnumDisplayDevices:
[2018.08.05-16.41.10:323][  0]LogWindows:    0. 'NVIDIA GeForce GTX 660' (P:1 D:1)
[2018.08.05-16.41.10:323][  0]LogWindows:    1. 'NVIDIA GeForce GTX 660' (P:0 D:0)
[2018.08.05-16.41.10:324][  0]LogWindows:    2. 'NVIDIA GeForce GTX 660' (P:0 D:0)
[2018.08.05-16.41.10:324][  0]LogWindows:    3. 'NVIDIA GeForce GTX 660' (P:0 D:0)
[2018.08.05-16.41.10:324][  0]LogWindows:    4. 'Intel(R) HD Graphics' (P:0 D:0)
[2018.08.05-16.41.10:325][  0]LogWindows:    5. 'Intel(R) HD Graphics' (P:0 D:0)
[2018.08.05-16.41.10:325][  0]LogWindows:    6. 'Intel(R) HD Graphics' (P:0 D:0)
[2018.08.05-16.41.10:326][  0]LogWindows: DebugString: PrimaryIsNotTheChoosenAdapter PrimaryIsNotTheChoosenAdapter PrimaryIsNotTheChoosenAdapter FoundDriverCount:4 
[2018.08.05-16.41.10:326][  0]LogD3D11RHI:     Adapter Name: NVIDIA GeForce GTX 660
[2018.08.05-16.41.10:326][  0]LogD3D11RHI:   Driver Version: 398.82 (internal:24.21.13.9882, unified:398.82)
[2018.08.05-16.41.10:326][  0]LogD3D11RHI:      Driver Date: 7-30-2018
[2018.08.05-16.41.10:326][  0]LogRHI: Texture pool is 1398 MB (70% of 1998 MB)
[2018.08.05-16.41.10:374][  0]LogD3D11RHI: Async texture creation enabled
[2018.08.05-16.41.10:412][  0]LogD3D11RHI: GPU Timing Frequency: 1000.000000 (Debug: 2 2)
[2018.08.05-16.41.10:462][  0]LogShaderCompilers: Guid format shader working directory is 15 characters bigger than the processId version (D:/Unreal ljs/ItemPrototype_LJS/Intermediate/Shaders/WorkingDirectory/4272/).
[2018.08.05-16.41.10:462][  0]LogShaderCompilers: Cleaned the shader compiler working directory 'C:/Users/ukyos/AppData/Local/Temp/UnrealShaderWorkingDir/9920EE5B478933B267D42C9511AB32CE/'.
[2018.08.05-16.41.10:776][  0]LogTemp: Display: Loaded TP AllDesktopTargetPlatform
[2018.08.05-16.41.10:793][  0]LogTemp: Display: Loaded TP MacClientTargetPlatform
[2018.08.05-16.41.10:810][  0]LogTemp: Display: Loaded TP MacNoEditorTargetPlatform
[2018.08.05-16.41.10:827][  0]LogTemp: Display: Loaded TP MacServerTargetPlatform
[2018.08.05-16.41.10:844][  0]LogTemp: Display: Loaded TP MacTargetPlatform
[2018.08.05-16.41.10:861][  0]LogTemp: Display: Loaded TP WindowsClientTargetPlatform
[2018.08.05-16.41.10:877][  0]LogTemp: Display: Loaded TP WindowsNoEditorTargetPlatform
[2018.08.05-16.41.10:894][  0]LogTemp: Display: Loaded TP WindowsServerTargetPlatform
[2018.08.05-16.41.10:903][  0]LogTemp: Display: Loaded TP WindowsTargetPlatform
[2018.08.05-16.41.10:993][  0]LogTemp: Display: Loaded TP AndroidTargetPlatform
[2018.08.05-16.41.10:993][  0]LogTemp: Display: Loaded TP AndroidTargetPlatform
[2018.08.05-16.41.10:993][  0]LogTemp: Display: Loaded TP AndroidTargetPlatform
[2018.08.05-16.41.10:993][  0]LogTemp: Display: Loaded TP AndroidTargetPlatform
[2018.08.05-16.41.10:993][  0]LogTemp: Display: Loaded TP AndroidTargetPlatform
[2018.08.05-16.41.10:993][  0]LogTemp: Display: Loaded TP AndroidTargetPlatform
[2018.08.05-16.41.10:993][  0]LogTemp: Display: Loaded TP AndroidTargetPlatform
[2018.08.05-16.41.10:993][  0]LogTemp: Display: Loaded TP AndroidTargetPlatform
[2018.08.05-16.41.10:993][  0]LogTemp: Display: Loaded TP AndroidTargetPlatform
[2018.08.05-16.41.10:993][  0]LogTemp: Display: Loaded TP AndroidTargetPlatform
[2018.08.05-16.41.10:993][  0]LogTemp: Display: Loaded TP AndroidTargetPlatform
[2018.08.05-16.41.10:993][  0]LogTemp: Display: Loaded TP AndroidTargetPlatform
[2018.08.05-16.41.10:993][  0]LogTemp: Display: Loaded TP AndroidTargetPlatform
[2018.08.05-16.41.10:993][  0]LogTemp: Display: Loaded TP AndroidTargetPlatform
[2018.08.05-16.41.10:993][  0]LogTemp: Display: Loaded TP AndroidTargetPlatform
[2018.08.05-16.41.10:993][  0]LogTemp: Display: Loaded TP AndroidTargetPlatform
[2018.08.05-16.41.10:993][  0]LogTemp: Display: Loaded TP AndroidTargetPlatform
[2018.08.05-16.41.10:993][  0]LogTemp: Display: Loaded TP AndroidTargetPlatform
[2018.08.05-16.41.10:996][  0]LogTemp: Display: Loaded TP HTML5TargetPlatform
[2018.08.05-16.41.11:063][  0]LogTemp: Display: Loaded TP IOSTargetPlatform
[2018.08.05-16.41.11:063][  0]LogTemp: Display: Loaded TP IOSTargetPlatform
[2018.08.05-16.41.11:091][  0]LogTemp: Display: Loaded TP TVOSTargetPlatform
[2018.08.05-16.41.11:091][  0]LogTemp: Display: Loaded TP TVOSTargetPlatform
[2018.08.05-16.41.11:106][  0]LogTemp: Display: Loaded TP LinuxClientTargetPlatform
[2018.08.05-16.41.11:121][  0]LogTemp: Display: Loaded TP LinuxNoEditorTargetPlatform
[2018.08.05-16.41.11:137][  0]LogTemp: Display: Loaded TP LinuxServerTargetPlatform
[2018.08.05-16.41.11:153][  0]LogTemp: Display: Loaded TP LinuxTargetPlatform
[2018.08.05-16.41.11:164][  0]LogTemp: Display: Loaded TP LuminTargetPlatform
[2018.08.05-16.41.11:164][  0]LogTargetPlatformManager: Display: Building Assets For Windows
[2018.08.05-16.41.11:259][  0]LogXGEController: Cannot use XGE Controller as Incredibuild is not installed on this machine.
[2018.08.05-16.41.11:259][  0]LogShaderCompilers: Cannot use XGE Shader Compiler as Incredibuild is not installed on this machine.
[2018.08.05-16.41.11:259][  0]LogShaderCompilers: Display: Using Local Shader Compiler.
[2018.08.05-16.41.12:205][  0]LogDerivedDataCache: Display: Max Cache Size: 512 MB
[2018.08.05-16.41.12:268][  0]LogDerivedDataCache: Loaded boot cache 0.06s 81MB C:/Users/ukyos/AppData/Local/UnrealEngine/4.20/DerivedDataCache/Boot.ddc.
[2018.08.05-16.41.12:268][  0]LogDerivedDataCache: Display: Loaded Boot cache: C:/Users/ukyos/AppData/Local/UnrealEngine/4.20/DerivedDataCache/Boot.ddc
[2018.08.05-16.41.12:268][  0]LogDerivedDataCache: FDerivedDataBackendGraph:  Pak pak cache file D:/Unreal ljs/ItemPrototype_LJS/DerivedDataCache/DDC.ddp not found, will not use a pak cache.
[2018.08.05-16.41.12:268][  0]LogDerivedDataCache: Unable to find inner node Pak for hierarchical cache Hierarchy.
[2018.08.05-16.41.12:268][  0]LogDerivedDataCache: FDerivedDataBackendGraph:  CompressedPak pak cache file D:/Unreal ljs/ItemPrototype_LJS/DerivedDataCache/Compressed.ddp not found, will not use a pak cache.
[2018.08.05-16.41.12:268][  0]LogDerivedDataCache: Unable to find inner node CompressedPak for hierarchical cache Hierarchy.
[2018.08.05-16.41.12:281][  0]LogDerivedDataCache: Display: Pak cache opened for reading ../../../Engine/DerivedDataCache/Compressed.ddp.
[2018.08.05-16.41.12:294][  0]LogDerivedDataCache: Using Local data cache path C:/Users/ukyos/AppData/Local/UnrealEngine/Common/DerivedDataCache: Writable
[2018.08.05-16.41.12:294][  0]LogDerivedDataCache: Shared data cache path not found in *engine.ini, will not use an Shared cache.
[2018.08.05-16.41.12:294][  0]LogDerivedDataCache: Unable to find inner node Shared for hierarchical cache Hierarchy.
[2018.08.05-16.41.12:314][  0]LogMaterial: Verifying Global Shaders for PCD3D_SM5
[2018.08.05-16.41.12:315][  0]LogSlate: Using FreeType 2.6.0
[2018.08.05-16.41.12:316][  0]LogSlate: SlateFontServices - WITH_FREETYPE: 1, WITH_HARFBUZZ: 1
[2018.08.05-16.41.12:402][  0]LogAssetRegistry: FAssetRegistry took 0.0272 seconds to start up
[2018.08.05-16.41.12:805][  0]LogInit: Selected Device Profile: [Windows]
[2018.08.05-16.41.12:955][  0]LogSimplygon: Simplygon DLL not present - disabling.
[2018.08.05-16.41.12:962][  0]LogMeshReduction: Using SimplygonSwarm for distributed automatic mesh merging
[2018.08.05-16.41.12:962][  0]LogMeshReduction: Using ProxyLODMeshReduction for automatic mesh merging
[2018.08.05-16.41.12:962][  0]LogMeshReduction: Using QuadricMeshReduction for automatic static mesh reduction
[2018.08.05-16.41.12:962][  0]LogMeshReduction: No automatic skeletal mesh reduction module available
[2018.08.05-16.41.12:981][  0]LogNetVersion: ItemPrototype_LJS 1.0.0, NetCL: 4212847, EngineNetVer: 5, GameNetVer: 0 (Checksum: 1764660734)
[2018.08.05-16.41.13:483][  0]LogPackageLocalizationCache: Processed 11 localized package path(s) for 1 prioritized culture(s) in 0.053797 seconds
[2018.08.05-16.41.13:489][  0]LogUObjectArray: 38425 objects as part of root set at end of initial load.
[2018.08.05-16.41.13:489][  0]LogUObjectAllocator: 6690872 out of 0 bytes used by permanent object pool.
[2018.08.05-16.41.13:489][  0]LogUObjectArray: CloseDisregardForGC: 0/0 objects in disregard for GC pool
[2018.08.05-16.41.14:571][  0]LogTcpMessaging: Initializing TcpMessaging bridge
[2018.08.05-16.41.14:586][  0]LogUdpMessaging: Initializing bridge on interface 0.0.0.0:0 to multicast group 230.0.0.1:6666.
[2018.08.05-16.41.14:787][  0]SourceControl: Source control is disabled
[2018.08.05-16.41.14:787][  0]SourceControl: Source control is disabled
[2018.08.05-16.41.14:790][  0]SourceControl: Source control is disabled
[2018.08.05-16.41.14:792][  0]SourceControl: Source control is disabled
[2018.08.05-16.41.15:027][  0]LogAndroidPermission: UAndroidPermissionCallbackProxy::GetInstance
[2018.08.05-16.41.15:169][  0]LogOcInput: OculusInput pre-init called
[2018.08.05-16.41.15:265][  0]LogEngine: Initializing Engine...
[2018.08.05-16.41.15:266][  0]LogHMD: Failed to initialize OpenVR with code 110
[2018.08.05-16.41.15:267][  0]LogStats: UGameplayTagsManager::ConstructGameplayTagTree: ImportINI prefixes -  0.000 s
[2018.08.05-16.41.15:267][  0]LogStats: UGameplayTagsManager::ConstructGameplayTagTree: Construct from data asset -  0.000 s
[2018.08.05-16.41.15:268][  0]LogStats: UGameplayTagsManager::ConstructGameplayTagTree: ImportINI -  0.000 s
[2018.08.05-16.41.15:268][  0]LogStats: UGameplayTagsManager::ConstructGameplayTagTree: GameplayTagTreeChangedEvent.Broadcast -  0.000 s
[2018.08.05-16.41.15:489][  0]LogInit: Initializing FReadOnlyCVARCache
[2018.08.05-16.41.15:508][  0]LogAIModule: Creating AISystem for world Untitled
[2018.08.05-16.41.15:535][  0]LogInit: XAudio2 using '스피커(High Definition Audio 장치)' : 2 channels at 48 kHz using 16 bits per sample (channel mask 0x3)
[2018.08.05-16.41.15:556][  0]LogInit: FAudioDevice initialized.
[2018.08.05-16.41.15:556][  0]LogNetVersion: Set ProjectVersion to 1.0.0.0. Version Checksum will be recalculated on next use.
[2018.08.05-16.41.15:639][  0]LogDerivedDataCache: Saved boot cache 0.08s 81MB C:/Users/ukyos/AppData/Local/UnrealEngine/4.20/DerivedDataCache/Boot.ddc.
[2018.08.05-16.41.15:654][  0]LogInit: Texture streaming: Enabled
[2018.08.05-16.41.15:681][  0]LogEngineSessionManager: EngineSessionManager initialized
[2018.08.05-16.41.15:698][  0]LogInit: Transaction tracking system initialized
[2018.08.05-16.41.15:735][  0]BlueprintLog: New page: Editor Load
[2018.08.05-16.41.15:854][  0]LocalizationService: Localization service is disabled
[2018.08.05-16.41.16:162][  0]LogCook: Display: Max memory allowance for cook 16384mb min free memory 0mb
[2018.08.05-16.41.16:162][  0]LogCook: Display: Mobile HDR setting 1
[2018.08.05-16.41.16:162][  0]LogGameplayTags: Display: UGameplayTagsManager::DoneAddingNativeTags. DelegateIsBound: 0
[2018.08.05-16.41.16:162][  0]LogStats: UGameplayTagsManager::ConstructGameplayTagTree: ImportINI prefixes -  0.000 s
[2018.08.05-16.41.16:162][  0]LogStats: UGameplayTagsManager::ConstructGameplayTagTree: Construct from data asset -  0.000 s
[2018.08.05-16.41.16:162][  0]LogStats: UGameplayTagsManager::ConstructGameplayTagTree: ImportINI -  0.000 s
[2018.08.05-16.41.16:162][  0]LogStats: UGameplayTagsManager::ConstructGameplayTagTree: GameplayTagTreeChangedEvent.Broadcast -  0.000 s
[2018.08.05-16.41.16:330][  0]LogFileCache: Scanning file cache for directory 'D:/Unreal ljs/ItemPrototype_LJS/Content/' took 0.02s
[2018.08.05-16.41.16:330][  0]SourceControl: Source control is disabled
[2018.08.05-16.41.16:330][  0]Cmd: MAP LOAD FILE="D:/Unreal ljs/ItemPrototype_LJS/Content/FirstPersonBP/Maps/LJS_LV_SpawnVolume.umap" TEMPLATE=0 SHOWPROGRESS=1 FEATURELEVEL=3
[2018.08.05-16.41.16:331][  0]LightingResults: New page: Lighting Build
[2018.08.05-16.41.16:334][  0]MapCheck: New page: Map Check
[2018.08.05-16.41.16:334][  0]LightingResults: New page: Lighting Build
[2018.08.05-16.41.16:486][  0]LogLinker: Warning: Asset 'D:/Unreal ljs/ItemPrototype_LJS/Content/FirstPersonBP/Blueprints/LJS_ENUM_CHARTYPE.uasset' has been saved with empty engine version. The asset will be loaded but may be incompatible.
[2018.08.05-16.41.16:719][  0]LogLinker: Warning: Asset 'D:/Unreal ljs/ItemPrototype_LJS/Content/FirstPersonBP/Blueprints/LJS_WID_ProtoItem.uasset' has been saved with empty engine version. The asset will be loaded but may be incompatible.
[2018.08.05-16.41.16:847][  0]LogLinker: Warning: Asset 'D:/Unreal ljs/ItemPrototype_LJS/Content/FirstPerson/Meshes/LJS_MAT_Grenade.uasset' has been saved with empty engine version. The asset will be loaded but may be incompatible.
[2018.08.05-16.41.16:906][  0]LogBlueprint: Warning: [Compiler LJS_WID_ProtoItem] Default value for  B  on  float / float  has changed and this asset is from a version that may have had incorrect default value information - verify and resave
[2018.08.05-16.41.16:906][  0]LogBlueprint: Warning: [Compiler LJS_WID_ProtoItem] Default value for  B  on  float - float  has changed and this asset is from a version that may have had incorrect default value information - verify and resave
[2018.08.05-16.41.17:050][  0]LogBlueprint: Warning: [Compiler LJS_WID_ProtoItem] [0009.77] Compile of LJS_WID_ProtoItem successful, but with 2 Warning(s) [in 169 ms] (/Game/FirstPersonBP/Blueprints/LJS_WID_ProtoItem.LJS_WID_ProtoItem)
[2018.08.05-16.41.17:537][  0]LogClass: Warning: Enum '/Game/FirstPersonBP/Blueprints/LJS_ENUM_CHARTYPE.LJS_ENUM_CHARTYPE' was upgraded to use FText to store its display name data. Please re-save this asset to avoid issues with localization and determinstic cooking.
[2018.08.05-16.41.17:539][  0]LogAIModule: Creating AISystem for world LJS_LV_SpawnVolume
[2018.08.05-16.41.17:546][  0]LogEditorServer: Finished looking for orphan Actors (0.000 secs)
[2018.08.05-16.41.17:574][  0]Cmd: MAP CHECKDEP NOCLEARLOG
[2018.08.05-16.41.17:714][  0]MapCheck: Map check complete: 0 Error(s), 0 Warning(s), took 139.349ms to complete.
[2018.08.05-16.41.17:714][  0]LogFileHelpers: Loading map 'LJS_LV_SpawnVolume' took 1.384
[2018.08.05-16.41.17:821][  0]LogSlate: Updating window title bar state: overlay mode, drag disabled, window buttons hidden, title bar hidden
[2018.08.05-16.41.17:830][  0]LogSlate: Updating window title bar state: overlay mode, drag disabled, window buttons hidden, title bar hidden
[2018.08.05-16.41.17:839][  0]LogSlate: Updating window title bar state: overlay mode, drag disabled, window buttons hidden, title bar hidden
[2018.08.05-16.41.17:848][  0]LogSlate: Updating window title bar state: overlay mode, drag disabled, window buttons hidden, title bar hidden
[2018.08.05-16.41.17:878][  0]LogCollectionManager: Loaded 0 collections in 0.002451 seconds
[2018.08.05-16.41.17:921][  0]LogFileCache: Scanning file cache for directory 'D:/Unreal ljs/ItemPrototype_LJS/Saved/Collections/' took 0.01s
[2018.08.05-16.41.17:921][  0]LogFileCache: Scanning file cache for directory 'D:/Unreal ljs/ItemPrototype_LJS/Content/Developers/ukyos/Collections/' took 0.01s
[2018.08.05-16.41.17:921][  0]LogFileCache: Scanning file cache for directory 'D:/Unreal ljs/ItemPrototype_LJS/Content/Collections/' took 0.01s
[2018.08.05-16.41.17:921][  0]LogCollectionManager: Rebuilt the GUID cache for 0 collections in 0.000000 seconds
[2018.08.05-16.41.17:933][  0]LogContentBrowser: Native class hierarchy populated in 0.0114 seconds. Added 2575 classes and 608 folders.
[2018.08.05-16.41.17:942][  0]LogContentBrowser: Native class hierarchy updated for 'WidgetCarousel' in 0.0003 seconds. Added 0 classes and 0 folders.
[2018.08.05-16.41.18:014][  0]LogContentBrowser: Native class hierarchy updated for 'AddContentDialog' in 0.0003 seconds. Added 0 classes and 0 folders.
[2018.08.05-16.41.18:058][  0]LogContentBrowser: Native class hierarchy updated for 'HierarchicalLODOutliner' in 0.0003 seconds. Added 0 classes and 0 folders.
[2018.08.05-16.41.18:058][  0]LogLoad: (Engine Initialization) Total time: 10.78 seconds
[2018.08.05-16.41.18:058][  0]LogLoad: (Engine Initialization) Total Blueprint compile time: 0.00 seconds
[2018.08.05-16.41.18:071][  0]LogWindowsTextInputMethodSystem: Display: IME system now activated using TSF (Microsoft 입력기).
[2018.08.05-16.41.18:095][  0]LogContentStreaming: Texture pool size now 3000 MB
[2018.08.05-16.41.18:097][  0]LogSlate: Took 0.000396 seconds to synchronously load lazily loaded font '../../../Engine/Content/Slate/Fonts/Roboto-Regular.ttf' (155K)
[2018.08.05-16.41.18:101][  0]LogSlate: Took 0.000285 seconds to synchronously load lazily loaded font '../../../Engine/Content/Slate/Fonts/Roboto-Bold.ttf' (160K)
[2018.08.05-16.41.18:105][  0]LogSlate: Took 0.000352 seconds to synchronously load lazily loaded font '../../../Engine/Content/Editor/Slate/Fonts/FontAwesome.ttf' (139K)
[2018.08.05-16.41.18:225][  0]LogRenderer: Reallocating scene render targets to support 1212x604 Format 10 NumSamples 1 (Frame:1).
[2018.08.05-16.41.18:225][  0]LogSlate: Took 0.000416 seconds to synchronously load lazily loaded font '../../../Engine/Content/Slate/Fonts/Roboto-Light.ttf' (167K)
[2018.08.05-16.41.18:312][  1]LogAssetRegistry: Asset discovery search completed in 5.9317 seconds
[2018.08.05-16.41.18:314][  1]LogCollectionManager: Rebuilt the object cache for 0 collections in 0.000000 seconds (found 0 objects)
[2018.08.05-16.41.18:314][  1]LogCollectionManager: Fixed up redirectors for 0 collections in 0.000073 seconds (updated 0 objects)
[2018.08.05-16.41.26:492][853]LogSlate: FSceneViewport::OnFocusLost() reason 2
[2018.08.05-16.41.28:642][109]LogSlate: FSceneViewport::OnFocusLost() reason 2
[2018.08.05-16.41.28:671][109]LogSlate: Took 0.000276 seconds to synchronously load lazily loaded font '../../../Engine/Content/Slate/Fonts/Roboto-Light.ttf' (167K)
[2018.08.05-16.42.08:587][221]LogSlate: Window 'Asset Report' being destroyed
[2018.08.05-16.42.22:449][809]LogTexture: Display: Building textures: HQ_Lightmap1_2 (AutoDXT, 64X64)
[2018.08.05-16.42.22:449][809]LogTexture: Display: Building textures: HQ_Lightmap1_1 (AutoDXT, 256X256)
[2018.08.05-16.42.22:449][809]LogTexture: Display: Building textures: LQ_Lightmap_1_1 (DXT1, 256X256)
[2018.08.05-16.42.22:449][809]LogMaterial: Display: Missing cached shader map for material M_ClearCoatBlack, compiling. 
[2018.08.05-16.42.22:520][809]LogTexture: Display: Building textures: LQ_Lightmap_1_2 (DXT1, 64X64)
[2018.08.05-16.42.22:520][809]LogTexture: Display: Building textures: SkyOcclusion1_1 (AutoDXT, 256X128)
[2018.08.05-16.42.22:520][809]LogTexture: Display: Building textures: SkyOcclusion1_2 (AutoDXT, 64X32)
[2018.08.05-16.42.22:520][809]LogTexture: Display: Building textures: ShadowMapTexture2D_0 (G8, 256X128)
[2018.08.05-16.42.22:520][809]LogTexture: Display: Building textures: ShadowMapTexture2D_1 (G8, 64X32)
[2018.08.05-16.42.22:521][809]LogShaderCompilers: Display: Shaders left to compile 13
[2018.08.05-16.42.22:521][809]LogShaderCompilers: Display: Shaders left to compile 3
[2018.08.05-16.42.22:521][809]LogMaterial: Display: Missing cached shader map for material M_ColorGrid, compiling. 
[2018.08.05-16.42.22:530][809]LogMaterial: Display: Missing cached shader map for material M_LightStage_Skybox_Master, compiling. 
[2018.08.05-16.42.22:536][809]LogMaterial: Display: Missing cached shader map for material M_LightStage_Arrows, compiling. 
[2018.08.05-16.42.22:547][809]LogMaterial: Display: Missing cached shader map for material M_LightStage_Skybox_Master, compiling. 
[2018.08.05-16.42.22:626][809]LogShaderCompilers: Display: Shaders left to compile 28
[2018.08.05-16.42.23:141][809]LogMaterial: Display: Missing cached shader map for material M_GreyBall, compiling. 
[2018.08.05-16.42.23:150][809]LogMaterial: Display: Missing cached shader map for material M_ChromeBall, compiling. 
[2018.08.05-16.42.23:175][809]LogMaterial: Display: Missing cached shader map for material M_AssetPlatform, compiling. 
[2018.08.05-16.42.23:183][809]LogMaterial: Display: Missing cached shader map for material M_ClearCoat, compiling. 
[2018.08.05-16.42.23:257][809]LogAIModule: Creating AISystem for world Advanced_Lighting
[2018.08.05-16.42.23:258][809]LogActorComponent: RegisterComponentWithWorld: (/Game/StarterContent/Maps/Advanced_Lighting.Advanced_Lighting:PersistentLevel.WorldSettings_1.StaticMeshComponent0) Trying to register component with IsPendingKill() == true. Aborting.
[2018.08.05-16.42.23:268][809]LogAssetEditorManager: Opening Asset editor for World /Game/StarterContent/Maps/Advanced_Lighting.Advanced_Lighting
[2018.08.05-16.42.23:306][809]Cmd: MAP LOAD FILE="D:/Unreal ljs/ItemPrototype_LJS/Content/StarterContent/Maps/Advanced_Lighting.umap" TEMPLATE=0 SHOWPROGRESS=1 FEATURELEVEL=3
[2018.08.05-16.42.23:307][809]LightingResults: New page: Lighting Build
[2018.08.05-16.42.23:307][809]LoadErrors: New page: Loading map: Advanced_Lighting.umap
[2018.08.05-16.42.23:309][809]MapCheck: New page: Map Check
[2018.08.05-16.42.23:309][809]LightingResults: New page: Lighting Build
[2018.08.05-16.42.23:340][809]LogEditorServer: Finished looking for orphan Actors (0.000 secs)
[2018.08.05-16.42.23:412][809]Cmd: MAP CHECKDEP NOCLEARLOG
[2018.08.05-16.42.23:575][809]MapCheck: Map check complete: 0 Error(s), 0 Warning(s), took 162.48ms to complete.
[2018.08.05-16.42.23:576][809]LogFileHelpers: Loading map 'Advanced_Lighting' took 0.270
[2018.08.05-16.42.24:981][948]LogShaderCompilers: Display: Shaders left to compile 90
[2018.08.05-16.42.27:567][235]LogShaderCompilers: Display: Shaders left to compile 80
[2018.08.05-16.42.28:011][285]LogShaderCompilers: Display: Shaders left to compile 70
[2018.08.05-16.42.29:664][472]LogShaderCompilers: Display: Shaders left to compile 60
[2018.08.05-16.42.31:874][725]LogShaderCompilers: Display: Shaders left to compile 50
[2018.08.05-16.42.32:041][744]LogShaderCompilers: Display: Shaders left to compile 40
[2018.08.05-16.42.32:596][808]LogShaderCompilers: Display: Shaders left to compile 30
[2018.08.05-16.42.37:159][326]LogShaderCompilers: Display: Shaders left to compile 20
[2018.08.05-16.42.37:188][329]LogShaderCompilers: Display: Shaders left to compile 10
[2018.08.05-16.42.38:424][468]LogSlate: Window 'Asset Report' being destroyed
[2018.08.05-16.42.47:102][468]LogSlate: Window 'Message' being destroyed
[2018.08.05-16.42.47:190][468]AssetTools: New page: Content migration completed successfully!
[2018.08.05-16.42.47:190][468]AssetTools: /Game/StarterContent/Particles/Materials/M_Burst
[2018.08.05-16.42.47:190][468]AssetTools: /Game/StarterContent/Textures/T_Burst_M
[2018.08.05-16.42.47:190][468]AssetTools: /Game/StarterContent/Particles/Materials/M_explosion_subUV
[2018.08.05-16.42.47:190][468]AssetTools: /Game/StarterContent/Textures/T_Explosion_SubUV
[2018.08.05-16.42.47:190][468]AssetTools: /Game/StarterContent/Particles/Materials/m_flare_01
[2018.08.05-16.42.47:191][468]AssetTools: /Game/StarterContent/Particles/Materials/M_radial_ramp
[2018.08.05-16.42.47:191][468]AssetTools: /Game/StarterContent/Particles/Materials/M_smoke_subUV
[2018.08.05-16.42.47:191][468]AssetTools: /Game/StarterContent/Textures/T_Smoke_SubUV
[2018.08.05-16.42.47:191][468]AssetTools: /Game/StarterContent/Textures/T_Smoke_Tiled_D
[2018.08.05-16.42.47:191][468]AssetTools: /Game/StarterContent/Particles/P_Explosion
[2018.08.05-16.42.47:191][468]AssetTools: /Game/StarterContent/Particles/P_Ambient_Dust
[2018.08.05-16.42.47:191][468]AssetTools: /Game/StarterContent/Particles/Materials/M_Dust_Particle
[2018.08.05-16.42.47:191][468]AssetTools: /Game/StarterContent/Textures/T_Dust_Particle_D
[2018.08.05-16.42.47:191][468]AssetTools: /Game/StarterContent/Particles/P_Fire
[2018.08.05-16.42.47:191][468]AssetTools: /Game/StarterContent/Particles/Materials/M_Fire_SubUV
[2018.08.05-16.42.47:191][468]AssetTools: /Game/StarterContent/Textures/T_Fire_SubUV
[2018.08.05-16.42.47:191][468]AssetTools: /Game/StarterContent/Textures/T_Fire_Tiled_D
[2018.08.05-16.42.47:191][468]AssetTools: /Game/StarterContent/Particles/Materials/M_Heat_Distortion
[2018.08.05-16.42.47:191][468]AssetTools: /Game/StarterContent/Particles/Materials/M_Radial_Gradient
[2018.08.05-16.42.47:191][468]AssetTools: /Game/StarterContent/Particles/P_Smoke
[2018.08.05-16.42.47:191][468]AssetTools: /Game/StarterContent/Particles/P_Sparks
[2018.08.05-16.42.47:191][468]AssetTools: /Game/StarterContent/Particles/Materials/M_Spark
[2018.08.05-16.42.47:191][468]AssetTools: /Game/StarterContent/Textures/T_Spark_Core
[2018.08.05-16.42.47:191][468]AssetTools: /Game/StarterContent/Particles/P_Steam_Lit
[2018.08.05-16.48.29:023][106]LogSlate: Window 'Asset Report' being destroyed
[2018.08.05-16.48.31:122][106]AssetTools: New page: Content migration completed successfully!
[2018.08.05-16.48.31:122][106]AssetTools: /Game/StarterContent/Audio/Collapse_Cue
[2018.08.05-16.48.31:122][106]AssetTools: /Game/StarterContent/Audio/Collapse01
[2018.08.05-16.48.31:122][106]AssetTools: /Game/StarterContent/Audio/Collapse02
[2018.08.05-16.48.31:122][106]AssetTools: /Game/StarterContent/Audio/Fire_Sparks01
[2018.08.05-16.48.31:122][106]AssetTools: /Game/StarterContent/Audio/Fire_Sparks01_Cue
[2018.08.05-16.48.31:122][106]AssetTools: /Game/StarterContent/Audio/Fire01
[2018.08.05-16.48.31:122][106]AssetTools: /Game/StarterContent/Audio/Fire01_Cue
[2018.08.05-16.48.31:122][106]AssetTools: /Game/StarterContent/Audio/Smoke01
[2018.08.05-16.48.31:122][106]AssetTools: /Game/StarterContent/Audio/Smoke01_Cue
[2018.08.05-16.48.31:122][106]AssetTools: /Game/StarterContent/Audio/Light02
[2018.08.05-16.48.31:122][106]AssetTools: /Game/StarterContent/Audio/Light02_Cue
[2018.08.05-16.48.31:122][106]AssetTools: /Game/StarterContent/Audio/Light01
[2018.08.05-16.48.31:122][106]AssetTools: /Game/StarterContent/Audio/Light01_Cue
[2018.08.05-16.48.31:122][106]AssetTools: /Game/StarterContent/Audio/Explosion02
[2018.08.05-16.48.31:122][106]AssetTools: /Game/StarterContent/Audio/Explosion01
[2018.08.05-16.48.31:122][106]AssetTools: /Game/StarterContent/Audio/Explosion_Cue
[2018.08.05-16.48.31:122][106]AssetTools: /Game/StarterContent/Audio/Starter_Background_Cue
[2018.08.05-16.48.31:122][106]AssetTools: /Game/StarterContent/Audio/Starter_Wind05
[2018.08.05-16.48.31:122][106]AssetTools: /Game/StarterContent/Audio/Starter_Birds01
[2018.08.05-16.48.31:122][106]AssetTools: /Game/StarterContent/Audio/Starter_Wind06
[2018.08.05-16.48.31:122][106]AssetTools: /Game/StarterContent/Audio/Starter_Music01
[2018.08.05-16.48.31:122][106]AssetTools: /Game/StarterContent/Audio/Starter_Music_Cue
[2018.08.05-16.48.31:122][106]AssetTools: /Game/StarterContent/Audio/Steam01
[2018.08.05-16.48.31:122][106]AssetTools: /Game/StarterContent/Audio/Steam01_Cue
[2018.08.05-17.04.01:061][153]LogTemp: Repeating last play command: New Editor Window (PIE)
[2018.08.05-17.04.01:093][153]LogPlayLevel: PlayLevel: No blueprints needed recompiling
[2018.08.05-17.04.01:111][153]PIE: New page: PIE session: Advanced_Lighting (Aug 6, 2018, 11:04:01 AM)
[2018.08.05-17.04.01:112][153]LogPlayLevel: Creating play world package: /Game/StarterContent/Maps/UEDPIE_0_Advanced_Lighting
[2018.08.05-17.04.01:117][153]LogPlayLevel: PIE: StaticDuplicateObject took: (0.005340s)
[2018.08.05-17.04.01:119][153]LogAIModule: Creating AISystem for world Advanced_Lighting
[2018.08.05-17.04.01:120][153]LogPlayLevel: PIE: World Init took: (0.001688s)
[2018.08.05-17.04.01:120][153]LogPlayLevel: PIE: Created PIE world by copying editor world from /Game/StarterContent/Maps/Advanced_Lighting.Advanced_Lighting to /Game/StarterContent/Maps/UEDPIE_0_Advanced_Lighting.Advanced_Lighting (0.007685s)
[2018.08.05-17.04.01:167][153]LogInit: XAudio2 using '스피커(High Definition Audio 장치)' : 2 channels at 48 kHz using 16 bits per sample (channel mask 0x3)
[2018.08.05-17.04.01:183][153]LogInit: FAudioDevice initialized.
[2018.08.05-17.04.01:196][153]LogSlate: Updating window title bar state: overlay mode, drag disabled, window buttons hidden, title bar hidden
[2018.08.05-17.04.01:255][153]LogLoad: Game class is 'FirstPersonGameMode_C'
[2018.08.05-17.04.01:265][153]LogWorld: Bringing World /Game/StarterContent/Maps/UEDPIE_0_Advanced_Lighting.Advanced_Lighting up for play (max tick rate 0) at 2018.08.06-02.04.01
[2018.08.05-17.04.01:266][153]LogWorld: Bringing up level for play took: 0.001543
[2018.08.05-17.04.01:306][153]LogContentBrowser: Native class hierarchy updated for 'MovieSceneCapture' in 0.0004 seconds. Added 10 classes and 0 folders.
[2018.08.05-17.04.01:307][153]LogGameMode: Display: Match State Changed from EnteringMap to WaitingToStart
[2018.08.05-17.04.01:307][153]LogGameState: Match State Changed from EnteringMap to WaitingToStart
[2018.08.05-17.04.01:308][153]LogGameMode: Display: Match State Changed from WaitingToStart to InProgress
[2018.08.05-17.04.01:320][153]LogScript: Warning: Script Msg: Attempted to access index 0 from array 'CallFunc_GetAllActorsOfClass_OutActors' of length 0 in '/Game/FirstPersonBP/Blueprints/FirstPersonGameMode.FirstPersonGameMode_C:ExecuteUbergraph_FirstPersonGameMode'!
[2018.08.05-17.04.01:321][153]LogBlueprintUserMessages: Warning: SetTimer passed a bad function (SpawnEnemy) or object (None)
[2018.08.05-17.04.01:337][153]LogGameState: Match State Changed from WaitingToStart to InProgress
[2018.08.05-17.04.01:343][153]PIE: Play in editor start time for /Game/StarterContent/Maps/UEDPIE_0_Advanced_Lighting 0.489
[2018.08.05-17.04.01:405][153]LogRenderer: Reallocating scene render targets to support 1292x756 Format 10 NumSamples 1 (Frame:1).
[2018.08.05-17.04.01:411][153]LogSlate: Took 0.033625 seconds to synchronously load lazily loaded font '../../../Engine/Content/Slate/Fonts/DroidSansFallback.ttf' (3848K)
[2018.08.05-17.04.05:076][519]LogSlate: Updating window title bar state: overlay mode, drag disabled, window buttons hidden, title bar hidden
[2018.08.05-17.04.05:102][519]LogSlate: Window 'ItemPrototype_LJS Game Preview Standalone (64-bit/PCD3D_SM5)' being destroyed
[2018.08.05-17.04.05:135][519]LogPlayLevel: Display: Shutting down PIE online subsystems
[2018.08.05-17.04.05:177][520]LogPlayLevel: Display: Destroying online subsystem :Context_3
[2018.08.05-17.04.19:494][210]LogSlate: FSceneViewport::OnFocusLost() reason 0
[2018.08.05-17.04.19:699][218]LogSlate: Window 'ItemPrototype_LJS - Unreal Editor' being destroyed
[2018.08.05-17.04.19:896][219]Cmd: QUIT_EDITOR
[2018.08.05-17.04.20:097][219]LogWindowsTextInputMethodSystem: Display: IME system now activated using TSF (Microsoft 입력기).
[2018.08.05-17.04.20:127][219]LogExit: Preparing to exit.
[2018.08.05-17.04.20:350][219]LogExit: Editor shut down
[2018.08.05-17.04.20:351][219]LogExit: Transaction tracking system shut down
[2018.08.05-17.04.20:974][219]LogExit: Object subsystem successfully closed.
[2018.08.05-17.04.20:997][219]LogShaderCompilers: Display: Shaders left to compile 0
[2018.08.05-17.04.21:003][219]LogD3D11RHI: Shutdown
[2018.08.05-17.04.21:003][219]LogD3D11RHI: CleanupD3DDevice
[2018.08.05-17.04.21:008][219]LogD3D11RHI: ~FD3D11DynamicRHI
[2018.08.05-17.04.21:067][219]LogModuleManager: Shutting down and abandoning module MovieSceneCapture (616)
[2018.08.05-17.04.21:067][219]LogModuleManager: Shutting down and abandoning module Voice (614)
[2018.08.05-17.04.21:068][219]LogModuleManager: Shutting down and abandoning module HierarchicalLODOutliner (612)
[2018.08.05-17.04.21:068][219]LogModuleManager: Shutting down and abandoning module AddContentDialog (610)
[2018.08.05-17.04.21:069][219]LogModuleManager: Shutting down and abandoning module WidgetCarousel (609)
[2018.08.05-17.04.21:069][219]LogModuleManager: Shutting down and abandoning module EditorWidgets (606)
[2018.08.05-17.04.21:069][219]LogModuleManager: Shutting down and abandoning module CollectionManager (604)
[2018.08.05-17.04.21:069][219]LogModuleManager: Shutting down and abandoning module WorldBrowser (602)
[2018.08.05-17.04.21:069][219]LogModuleManager: Shutting down and abandoning module SceneOutliner (600)
[2018.08.05-17.04.21:069][219]LogModuleManager: Shutting down and abandoning module StatsViewer (598)
[2018.08.05-17.04.21:069][219]LogModuleManager: Shutting down and abandoning module FoliageEdit (596)
[2018.08.05-17.04.21:069][219]LogModuleManager: Shutting down and abandoning module LandscapeEditor (594)
[2018.08.05-17.04.21:069][219]LogModuleManager: Shutting down and abandoning module MeshPaintMode (592)
[2018.08.05-17.04.21:069][219]LogModuleManager: Shutting down and abandoning module SceneDepthPickerMode (590)
[2018.08.05-17.04.21:069][219]LogModuleManager: Shutting down and abandoning module ActorPickerMode (588)
[2018.08.05-17.04.21:069][219]LogModuleManager: Shutting down and abandoning module GeometryMode (586)
[2018.08.05-17.04.21:069][219]LogModuleManager: Shutting down and abandoning module TextureAlignMode (584)
[2018.08.05-17.04.21:069][219]LogModuleManager: Shutting down and abandoning module BspMode (582)
[2018.08.05-17.04.21:069][219]LogModuleManager: Shutting down and abandoning module PIEPreviewDeviceProfileSelector (580)
[2018.08.05-17.04.21:069][219]LogModuleManager: Shutting down and abandoning module SequenceRecorderSections (578)
[2018.08.05-17.04.21:070][219]LogModuleManager: Shutting down and abandoning module AutomationWorker (576)
[2018.08.05-17.04.21:070][219]LogModuleManager: Shutting down and abandoning module AudioCaptureEditor (574)
[2018.08.05-17.04.21:070][219]LogModuleManager: Shutting down and abandoning module SequenceRecorder (573)
[2018.08.05-17.04.21:070][219]LogModuleManager: Shutting down and abandoning module MatineeToLevelSequence (570)
[2018.08.05-17.04.21:070][219]LogModuleManager: Shutting down and abandoning module LevelSequenceEditor (568)
[2018.08.05-17.04.21:070][219]LogModuleManager: Shutting down and abandoning module PlacementMode (567)
[2018.08.05-17.04.21:070][219]LogModuleManager: Shutting down and abandoning module MaterialEditor (566)
[2018.08.05-17.04.21:070][219]LogModuleManager: Shutting down and abandoning module WmfMediaFactory (562)
[2018.08.05-17.04.21:070][219]LogModuleManager: Shutting down and abandoning module WmfMediaEditor (560)
[2018.08.05-17.04.21:070][219]LogModuleManager: Shutting down and abandoning module MediaPlayerEditor (558)
[2018.08.05-17.04.21:070][219]LogModuleManager: Shutting down and abandoning module OpenExrWrapper (556)
[2018.08.05-17.04.21:070][219]LogModuleManager: Shutting down and abandoning module ImgMediaFactory (554)
[2018.08.05-17.04.21:070][219]LogModuleManager: Shutting down and abandoning module ImgMediaEditor (552)
[2018.08.05-17.04.21:070][219]LogModuleManager: Shutting down and abandoning module AvfMediaFactory (550)
[2018.08.05-17.04.21:070][219]LogModuleManager: Shutting down and abandoning module AvfMediaEditor (548)
[2018.08.05-17.04.21:070][219]LogModuleManager: Shutting down and abandoning module AndroidMediaFactory (546)
[2018.08.05-17.04.21:070][219]LogModuleManager: Shutting down and abandoning module AndroidMediaEditor (544)
[2018.08.05-17.04.21:070][219]LogModuleManager: Shutting down and abandoning module MagicLeapCameraPreviewFactory (542)
[2018.08.05-17.04.21:070][219]LogModuleManager: Shutting down and abandoning module MagicLeapMediaFactory (540)
[2018.08.05-17.04.21:070][219]LogModuleManager: Shutting down and abandoning module MagicLeapMediaEditor (538)
[2018.08.05-17.04.21:070][219]LogModuleManager: Shutting down and abandoning module CharacterAI (536)
[2018.08.05-17.04.21:070][219]LogModuleManager: Shutting down and abandoning module SmartSnapping (534)
[2018.08.05-17.04.21:070][219]LogModuleManager: Shutting down and abandoning module SessionServices (532)
[2018.08.05-17.04.21:070][219]LogModuleManager: Shutting down and abandoning module ViewportSnapping (530)
[2018.08.05-17.04.21:070][219]LogModuleManager: Shutting down and abandoning module ViewportInteraction (528)
[2018.08.05-17.04.21:070][219]LogModuleManager: Shutting down and abandoning module ClothPainter (526)
[2018.08.05-17.04.21:070][219]LogModuleManager: Shutting down and abandoning module SkeletalMeshEditor (525)
[2018.08.05-17.04.21:070][219]LogModuleManager: Shutting down and abandoning module LogVisualizer (522)
[2018.08.05-17.04.21:070][219]LogModuleManager: Shutting down and abandoning module IntroTutorials (520)
[2018.08.05-17.04.21:071][219]LogModuleManager: Shutting down and abandoning module GameProjectGeneration (519)
[2018.08.05-17.04.21:071][219]LogModuleManager: Shutting down and abandoning module LuminPlatformEditor (516)
[2018.08.05-17.04.21:071][219]LogModuleManager: Shutting down and abandoning module IOSPlatformEditor (514)
[2018.08.05-17.04.21:071][219]LogModuleManager: Shutting down and abandoning module HTML5PlatformEditor (512)
[2018.08.05-17.04.21:071][219]LogModuleManager: Shutting down and abandoning module AndroidPlatformEditor (510)
[2018.08.05-17.04.21:071][219]LogModuleManager: Shutting down and abandoning module AndroidDeviceDetection (509)
[2018.08.05-17.04.22:646][219]LogModuleManager: Shutting down and abandoning module WindowsPlatformEditor (506)
[2018.08.05-17.04.22:646][219]LogModuleManager: Shutting down and abandoning module LuminRuntimeSettings (504)
[2018.08.05-17.04.22:646][219]LogModuleManager: Shutting down and abandoning module IOSRuntimeSettings (502)
[2018.08.05-17.04.22:646][219]LogModuleManager: Shutting down and abandoning module AndroidRuntimeSettings (500)
[2018.08.05-17.04.22:646][219]LogModuleManager: Shutting down and abandoning module InputBindingEditor (498)
[2018.08.05-17.04.22:646][219]LogModuleManager: Shutting down and abandoning module MergeActors (496)
[2018.08.05-17.04.22:646][219]LogModuleManager: Shutting down and abandoning module LocalizationDashboard (494)
[2018.08.05-17.04.22:646][219]LogModuleManager: Shutting down and abandoning module LocalizationService (493)
[2018.08.05-17.04.22:646][219]LogModuleManager: Shutting down and abandoning module HardwareTargeting (490)
[2018.08.05-17.04.22:646][219]LogModuleManager: Shutting down and abandoning module DeviceProfileEditor (488)
[2018.08.05-17.04.22:646][219]LogModuleManager: Shutting down and abandoning module UndoHistory (486)
[2018.08.05-17.04.22:647][219]LogModuleManager: Shutting down and abandoning module XmlParser (484)
[2018.08.05-17.04.22:647][219]LogModuleManager: Shutting down and abandoning module Blutility (482)
[2018.08.05-17.04.22:647][219]LogModuleManager: Shutting down and abandoning module ProjectSettingsViewer (480)
[2018.08.05-17.04.22:647][219]LogModuleManager: Shutting down and abandoning module ProjectTargetPlatformEditor (479)
[2018.08.05-17.04.22:647][219]LogModuleManager: Shutting down and abandoning module EditorSettingsViewer (476)
[2018.08.05-17.04.22:647][219]LogModuleManager: Shutting down and abandoning module SettingsEditor (474)
[2018.08.05-17.04.22:647][219]LogModuleManager: Shutting down and abandoning module ProjectLauncher (472)
[2018.08.05-17.04.22:648][219]LogModuleManager: Shutting down and abandoning module SessionFrontend (470)
[2018.08.05-17.04.22:648][219]LogModuleManager: Shutting down and abandoning module ProfilerClient (468)
[2018.08.05-17.04.22:648][219]LogModuleManager: Shutting down and abandoning module DeviceManager (466)
[2018.08.05-17.04.22:648][219]LogModuleManager: Shutting down and abandoning module TargetDeviceServices (465)
[2018.08.05-17.04.22:703][219]LogModuleManager: Shutting down and abandoning module AutomationController (462)
[2018.08.05-17.04.22:703][219]LogModuleManager: Shutting down and abandoning module AutomationWindow (460)
[2018.08.05-17.04.22:703][219]LogModuleManager: Shutting down and abandoning module Layers (458)
[2018.08.05-17.04.22:703][219]LogModuleManager: Shutting down and abandoning module ComponentVisualizers (456)
[2018.08.05-17.04.22:703][219]LogModuleManager: Shutting down and abandoning module DetailCustomizations (454)
[2018.08.05-17.04.22:703][219]LogModuleManager: Shutting down and abandoning module PackagesDialog (452)
[2018.08.05-17.04.22:703][219]LogModuleManager: Shutting down and abandoning module Persona (450)
[2018.08.05-17.04.22:703][219]LogModuleManager: Shutting down and abandoning module AdvancedPreviewScene (449)
[2018.08.05-17.04.22:703][219]LogModuleManager: Shutting down and abandoning module AnimGraph (447)
[2018.08.05-17.04.22:703][219]LogModuleManager: Shutting down and abandoning module Kismet (444)
[2018.08.05-17.04.22:705][219]LogModuleManager: Shutting down and abandoning module GraphEditor (442)
[2018.08.05-17.04.22:705][219]LogModuleManager: Shutting down and abandoning module ClassViewer (440)
[2018.08.05-17.04.22:705][219]LogModuleManager: Shutting down and abandoning module Toolbox (438)
[2018.08.05-17.04.22:705][219]LogModuleManager: Shutting down and abandoning module ModuleUI (436)
[2018.08.05-17.04.22:705][219]LogModuleManager: Shutting down and abandoning module MovieSceneTools (434)
[2018.08.05-17.04.22:705][219]LogModuleManager: Shutting down and abandoning module OutputLog (432)
[2018.08.05-17.04.22:705][219]LogModuleManager: Shutting down and abandoning module GammaUI (430)
[2018.08.05-17.04.22:705][219]LogModuleManager: Shutting down and abandoning module Documentation (428)
[2018.08.05-17.04.22:705][219]LogModuleManager: Shutting down and abandoning module MovieSceneTracks (426)
[2018.08.05-17.04.22:705][219]LogModuleManager: Shutting down and abandoning module MovieScene (424)
[2018.08.05-17.04.22:705][219]LogModuleManager: Shutting down and abandoning module StreamingPauseRendering (422)
[2018.08.05-17.04.22:706][219]LogModuleManager: Shutting down and abandoning module LauncherPlatform (420)
[2018.08.05-17.04.22:706][219]LogModuleManager: Shutting down and abandoning module AnalyticsET (418)
[2018.08.05-17.04.22:706][219]LogModuleManager: Shutting down and abandoning module PortalServices (416)
[2018.08.05-17.04.22:706][219]LogModuleManager: Shutting down and abandoning module PortalRpc (414)
[2018.08.05-17.04.22:706][219]LogModuleManager: Shutting down and abandoning module MessagingRpc (412)
[2018.08.05-17.04.22:706][219]LogModuleManager: Shutting down and abandoning module AIModule (410)
[2018.08.05-17.04.22:706][219]LogModuleManager: Shutting down and abandoning module GameplayDebugger (409)
[2018.08.05-17.04.22:706][219]LogModuleManager: Shutting down and abandoning module AITestSuite (407)
[2018.08.05-17.04.22:706][219]LogModuleManager: Shutting down and abandoning module NavigationSystem (405)
[2018.08.05-17.04.22:706][219]LogModuleManager: Shutting down and abandoning module DesktopPlatform (402)
[2018.08.05-17.04.22:706][219]LogModuleManager: Shutting down and abandoning module ProfilerService (400)
[2018.08.05-17.04.22:879][219]LogModuleManager: Shutting down and abandoning module TaskGraph (398)
[2018.08.05-17.04.22:879][219]LogModuleManager: Shutting down and abandoning module SteamVRController (396)
[2018.08.05-17.04.22:879][219]LogModuleManager: Shutting down and abandoning module ProceduralMeshComponentEditor (394)
[2018.08.05-17.04.22:879][219]LogModuleManager: Shutting down and abandoning module ProceduralMeshComponent (392)
[2018.08.05-17.04.22:879][219]LogModuleManager: Shutting down and abandoning module OculusInput (390)
[2018.08.05-17.04.22:879][219]LogModuleManager: Shutting down and abandoning module MobilePatchingUtils (388)
[2018.08.05-17.04.22:879][219]LogModuleManager: Shutting down and abandoning module EditableMesh (386)
[2018.08.05-17.04.22:879][219]LogModuleManager: Shutting down and abandoning module CustomMeshComponent (384)
[2018.08.05-17.04.22:879][219]LogModuleManager: Shutting down and abandoning module CableComponent (382)
[2018.08.05-17.04.22:879][219]LogModuleManager: Shutting down and abandoning module AudioCapture (380)
[2018.08.05-17.04.22:879][219]LogModuleManager: Shutting down and abandoning module ArchVisCharacter (378)
[2018.08.05-17.04.22:879][219]LogModuleManager: Shutting down and abandoning module AndroidPermission (376)
[2018.08.05-17.04.22:879][219]LogModuleManager: Shutting down and abandoning module NUTUnrealEngine4 (374)
[2018.08.05-17.04.22:879][219]LogModuleManager: Shutting down and abandoning module NetcodeUnitTest (372)
[2018.08.05-17.04.22:880][219]LogModuleManager: Shutting down and abandoning module MediaCompositingEditor (370)
[2018.08.05-17.04.22:880][219]LogModuleManager: Shutting down and abandoning module MediaCompositing (368)
[2018.08.05-17.04.22:880][219]LogModuleManager: Shutting down and abandoning module LinearTimecode (366)
[2018.08.05-17.04.22:880][219]LogModuleManager: Shutting down and abandoning module ImgMedia (364)
[2018.08.05-17.04.22:886][219]LogModuleManager: Shutting down and abandoning module HTML5Networking (362)
[2018.08.05-17.04.22:886][219]LogModuleManager: Shutting down and abandoning module GeometryCacheTracks (360)
[2018.08.05-17.04.22:886][219]LogModuleManager: Shutting down and abandoning module GeometryCacheSequencer (358)
[2018.08.05-17.04.22:886][219]LogModuleManager: Shutting down and abandoning module BackChannel (356)
[2018.08.05-17.04.22:886][219]LogModuleManager: Shutting down and abandoning module AppleVision (354)
[2018.08.05-17.04.22:886][219]LogModuleManager: Shutting down and abandoning module AppleImageUtils (352)
[2018.08.05-17.04.22:886][219]LogModuleManager: Shutting down and abandoning module AlembicImporter (350)
[2018.08.05-17.04.22:886][219]LogModuleManager: Shutting down and abandoning module AlembicLibrary (349)
[2018.08.05-17.04.22:887][219]LogModuleManager: Shutting down and abandoning module GeometryCache (348)
[2018.08.05-17.04.22:887][219]LogModuleManager: Shutting down and abandoning module GeometryCacheEd (347)
[2018.08.05-17.04.22:887][219]LogModuleManager: Shutting down and abandoning module DatasmithContentEditor (342)
[2018.08.05-17.04.22:887][219]LogModuleManager: Shutting down and abandoning module DatasmithContent (340)
[2018.08.05-17.04.22:888][219]LogModuleManager: Shutting down and abandoning module SpeedTreeImporter (338)
[2018.08.05-17.04.22:888][219]LogModuleManager: Shutting down and abandoning module PluginBrowser (336)
[2018.08.05-17.04.22:888][219]LogModuleManager: Shutting down and abandoning module MobileLauncherProfileWizard (334)
[2018.08.05-17.04.22:888][219]LogModuleManager: Shutting down and abandoning module PolygonModeling (332)
[2018.08.05-17.04.22:888][219]LogModuleManager: Shutting down and abandoning module MeshEditor (330)
[2018.08.05-17.04.22:888][219]LogModuleManager: Shutting down and abandoning module CryptoKeysOpenSSL (328)
[2018.08.05-17.04.22:888][219]LogModuleManager: Shutting down and abandoning module CryptoKeys (326)
[2018.08.05-17.04.22:888][219]LogModuleManager: Shutting down and abandoning module VisualStudioSourceCodeAccess (324)
[2018.08.05-17.04.22:888][219]LogModuleManager: Shutting down and abandoning module VisualStudioCodeSourceCodeAccess (322)
[2018.08.05-17.04.22:888][219]LogModuleManager: Shutting down and abandoning module UObjectPlugin (320)
[2018.08.05-17.04.22:889][219]LogModuleManager: Shutting down and abandoning module SubversionSourceControl (318)
[2018.08.05-17.04.22:889][219]LogModuleManager: Shutting down and abandoning module PerforceSourceControl (316)
[2018.08.05-17.04.22:889][219]LogModuleManager: Shutting down and abandoning module GitSourceControl (314)
[2018.08.05-17.04.22:889][219]LogModuleManager: Shutting down and abandoning module SourceControl (313)
[2018.08.05-17.04.22:889][219]LogModuleManager: Shutting down and abandoning module CLionSourceCodeAccess (310)
[2018.08.05-17.04.22:889][219]LogModuleManager: Shutting down and abandoning module LightPropagationVolumeEditor (308)
[2018.08.05-17.04.22:889][219]LogModuleManager: Shutting down and abandoning module PaperTiledImporter (306)
[2018.08.05-17.04.22:889][219]LogModuleManager: Shutting down and abandoning module PaperSpriteSheetImporter (304)
[2018.08.05-17.04.22:889][219]LogModuleManager: Shutting down and abandoning module Paper2DEditor (302)
[2018.08.05-17.04.22:889][219]LogModuleManager: Shutting down and abandoning module MeshPaint (301)
[2018.08.05-17.04.22:890][219]LogModuleManager: Shutting down and abandoning module RuntimePhysXCooking (298)
[2018.08.05-17.04.22:890][219]LogModuleManager: Shutting down and abandoning module PhysXVehiclesEditor (296)
[2018.08.05-17.04.22:890][219]LogModuleManager: Shutting down and abandoning module PhysXVehicles (294)
[2018.08.05-17.04.22:890][219]LogModuleManager: Shutting down and abandoning module OculusEditor (292)
[2018.08.05-17.04.22:890][219]LogModuleManager: Shutting down and abandoning module LocationServicesBPLibrary (290)
[2018.08.05-17.04.22:890][219]LogModuleManager: Shutting down and abandoning module ImmediatePhysicsEditor (288)
[2018.08.05-17.04.22:890][219]LogModuleManager: Shutting down and abandoning module ImmediatePhysics (286)
[2018.08.05-17.04.22:890][219]LogModuleManager: Shutting down and abandoning module ActorSequence (284)
[2018.08.05-17.04.22:890][219]LogModuleManager: Shutting down and abandoning module UdpMessaging (282)
[2018.08.05-17.04.22:991][219]LogModuleManager: Shutting down and abandoning module TcpMessaging (280)
[2018.08.05-17.04.23:092][219]LogModuleManager: Shutting down and abandoning module MagicLeapAudio (278)
[2018.08.05-17.04.23:092][219]LogModuleManager: Shutting down and abandoning module GameplayTagsEditor (276)
[2018.08.05-17.04.23:092][219]LogModuleManager: Shutting down and abandoning module FacialAnimationEditor (274)
[2018.08.05-17.04.23:092][219]LogModuleManager: Shutting down and abandoning module FacialAnimation (272)
[2018.08.05-17.04.23:092][219]LogModuleManager: Shutting down and abandoning module DataValidation (270)
[2018.08.05-17.04.23:092][219]LogModuleManager: Shutting down and abandoning module AssetManagerEditor (268)
[2018.08.05-17.04.23:092][219]LogModuleManager: Shutting down and abandoning module LevelEditor (267)
[2018.08.05-17.04.23:093][219]LogModuleManager: Shutting down and abandoning module PixelInspectorModule (266)
[2018.08.05-17.04.23:093][219]LogModuleManager: Shutting down and abandoning module CommonMenuExtensions (264)
[2018.08.05-17.04.23:094][219]LogModuleManager: Shutting down and abandoning module MainFrame (262)
[2018.08.05-17.04.23:094][219]LogModuleManager: Shutting down and abandoning module HotReload (261)
[2018.08.05-17.04.23:095][219]LogModuleManager: Shutting down and abandoning module ContentBrowser (257)
[2018.08.05-17.04.23:097][219]LogModuleManager: Shutting down and abandoning module TreeMap (255)
[2018.08.05-17.04.23:097][219]LogModuleManager: Shutting down and abandoning module LightPropagationVolumeRuntime (252)
[2018.08.05-17.04.23:097][219]LogModuleManager: Shutting down and abandoning module AISupportModule (250)
[2018.08.05-17.04.23:097][219]LogModuleManager: Shutting down and abandoning module Paper2D (248)
[2018.08.05-17.04.23:097][219]LogModuleManager: Shutting down and abandoning module WindowsMoviePlayer (246)
[2018.08.05-17.04.23:097][219]LogModuleManager: Shutting down and abandoning module WmfMedia (244)
[2018.08.05-17.04.23:100][219]LogModuleManager: Shutting down and abandoning module Media (243)
[2018.08.05-17.04.23:107][219]LogModuleManager: Shutting down and abandoning module PacketHandler (240)
[2018.08.05-17.04.23:107][219]LogModuleManager: Shutting down and abandoning module ClothingSystemEditor (238)
[2018.08.05-17.04.23:107][219]LogModuleManager: Shutting down and abandoning module ClothingSystemRuntime (236)
[2018.08.05-17.04.23:107][219]LogModuleManager: Shutting down and abandoning module MediaAssets (234)
[2018.08.05-17.04.23:107][219]LogModuleManager: Shutting down and abandoning module Overlay (232)
[2018.08.05-17.04.23:107][219]LogModuleManager: Shutting down and abandoning module OverlayEditor (231)
[2018.08.05-17.04.23:107][219]LogModuleManager: Shutting down and abandoning module VREditor (228)
[2018.08.05-17.04.23:107][219]LogModuleManager: Shutting down and abandoning module StringTableEditor (226)
[2018.08.05-17.04.23:107][219]LogModuleManager: Shutting down and abandoning module GameplayTasksEditor (224)
[2018.08.05-17.04.23:107][219]LogModuleManager: Shutting down and abandoning module BehaviorTreeEditor (222)
[2018.08.05-17.04.23:107][219]LogModuleManager: Shutting down and abandoning module FunctionalTesting (220)
[2018.08.05-17.04.23:107][219]LogModuleManager: Shutting down and abandoning module CollisionAnalyzer (218)
[2018.08.05-17.04.23:107][219]LogModuleManager: Shutting down and abandoning module WorkspaceMenuStructure (217)
[2018.08.05-17.04.23:107][219]LogModuleManager: Shutting down and abandoning module UMG (214)
[2018.08.05-17.04.23:107][219]LogModuleManager: Shutting down and abandoning module UMGEditor (213)
[2018.08.05-17.04.23:108][219]LogModuleManager: Shutting down and abandoning module Sequencer (212)
[2018.08.05-17.04.23:108][219]LogModuleManager: Shutting down and abandoning module MessageLog (209)
[2018.08.05-17.04.23:108][219]LogModuleManager: Shutting down and abandoning module SlateReflector (204)
[2018.08.05-17.04.23:108][219]LogModuleManager: Shutting down and abandoning module Slate (202)
[2018.08.05-17.04.23:108][219]LogModuleManager: Shutting down and abandoning module EditorStyle (200)
[2018.08.05-17.04.23:111][219]LogModuleManager: Shutting down and abandoning module MRMesh (198)
[2018.08.05-17.04.23:111][219]LogModuleManager: Shutting down and abandoning module SourceCodeAccess (196)
[2018.08.05-17.04.23:111][219]LogModuleManager: Shutting down and abandoning module HeadMountedDisplay (194)
[2018.08.05-17.04.23:111][219]LogModuleManager: Shutting down and abandoning module XAudio2 (192)
[2018.08.05-17.04.23:112][219]LogModuleManager: Shutting down and abandoning module Networking (190)
[2018.08.05-17.04.23:112][219]LogModuleManager: Shutting down and abandoning module Core (188)
[2018.08.05-17.04.23:112][219]LogModuleManager: Shutting down and abandoning module LevelSequence (186)
[2018.08.05-17.04.23:112][219]LogModuleManager: Shutting down and abandoning module KismetCompiler (184)
[2018.08.05-17.04.23:112][219]LogModuleManager: Shutting down and abandoning module MeshUtilities (182)
[2018.08.05-17.04.23:112][219]LogModuleManager: Shutting down and abandoning module MeshMergeUtilities (181)
[2018.08.05-17.04.23:112][219]LogModuleManager: Shutting down and abandoning module MeshReductionInterface (180)
[2018.08.05-17.04.23:112][219]LogModuleManager: Shutting down and abandoning module SimplygonSwarm (179)
[2018.08.05-17.04.23:112][219]LogModuleManager: Shutting down and abandoning module ProxyLODMeshReduction (177)
[2018.08.05-17.04.23:112][219]LogModuleManager: Shutting down and abandoning module SimplygonMeshReduction (175)
[2018.08.05-17.04.23:112][219]LogModuleManager: Shutting down and abandoning module QuadricMeshReduction (173)
[2018.08.05-17.04.23:112][219]LogModuleManager: Shutting down and abandoning module MaterialBaking (169)
[2018.08.05-17.04.23:112][219]LogModuleManager: Shutting down and abandoning module DirectoryWatcher (165)
[2018.08.05-17.04.23:112][219]LogModuleManager: Shutting down and abandoning module DerivedDataCache (162)
[2018.08.05-17.04.23:169][219]LogDerivedDataCache: Shutdown
[2018.08.05-17.04.23:169][219]LogModuleManager: Shutting down and abandoning module XGEController (160)
[2018.08.05-17.04.23:169][219]LogModuleManager: Shutting down and abandoning module TargetPlatform (158)
[2018.08.05-17.04.23:169][219]LogModuleManager: Shutting down and abandoning module VulkanShaderFormat (157)
[2018.08.05-17.04.23:169][219]LogModuleManager: Shutting down and abandoning module ShaderFormatVectorVM (155)
[2018.08.05-17.04.23:169][219]LogModuleManager: Shutting down and abandoning module ShaderFormatOpenGL (153)
[2018.08.05-17.04.23:169][219]LogModuleManager: Shutting down and abandoning module ShaderFormatD3D (151)
[2018.08.05-17.04.23:169][219]LogModuleManager: Shutting down and abandoning module MetalShaderFormat (149)
[2018.08.05-17.04.23:169][219]LogModuleManager: Shutting down and abandoning module TextureFormatUncompressed (147)
[2018.08.05-17.04.23:169][219]LogModuleManager: Shutting down and abandoning module TextureFormatPVR (145)
[2018.08.05-17.04.23:170][219]LogModuleManager: Shutting down and abandoning module TextureFormatDXT (143)
[2018.08.05-17.04.23:170][219]LogModuleManager: Shutting down and abandoning module TextureFormatIntelISPCTexComp (141)
[2018.08.05-17.04.23:170][219]LogModuleManager: Shutting down and abandoning module TextureFormatASTC (139)
[2018.08.05-17.04.23:170][219]LogModuleManager: Shutting down and abandoning module ImageWrapper (138)
[2018.08.05-17.04.23:170][219]LogModuleManager: Shutting down and abandoning module TextureFormatAndroid (135)
[2018.08.05-17.04.23:170][219]LogModuleManager: Shutting down and abandoning module AudioFormatOpus (133)
[2018.08.05-17.04.23:170][219]LogModuleManager: Shutting down and abandoning module AudioFormatOgg (131)
[2018.08.05-17.04.23:170][219]LogModuleManager: Shutting down and abandoning module AudioFormatADPCM (129)
[2018.08.05-17.04.23:170][219]LogModuleManager: Shutting down and abandoning module LuminTargetPlatform (127)
[2018.08.05-17.04.23:170][219]LogModuleManager: Shutting down and abandoning module LinuxTargetPlatform (125)
[2018.08.05-17.04.23:170][219]LogModuleManager: Shutting down and abandoning module LinuxServerTargetPlatform (123)
[2018.08.05-17.04.23:170][219]LogModuleManager: Shutting down and abandoning module LinuxNoEditorTargetPlatform (121)
[2018.08.05-17.04.23:170][219]LogModuleManager: Shutting down and abandoning module LinuxClientTargetPlatform (119)
[2018.08.05-17.04.23:170][219]LogModuleManager: Shutting down and abandoning module TVOSTargetPlatform (117)
[2018.08.05-17.04.23:172][219]LogModuleManager: Shutting down and abandoning module Messaging (115)
[2018.08.05-17.04.23:172][219]LogModuleManager: Shutting down and abandoning module IOSTargetPlatform (113)
[2018.08.05-17.04.23:174][219]LogModuleManager: Shutting down and abandoning module HTML5TargetPlatform (111)
[2018.08.05-17.04.23:174][219]LogModuleManager: Shutting down and abandoning module AndroidTargetPlatform (109)
[2018.08.05-17.04.23:186][219]LogModuleManager: Shutting down and abandoning module WindowsTargetPlatform (107)
[2018.08.05-17.04.23:186][219]LogModuleManager: Shutting down and abandoning module WindowsServerTargetPlatform (105)
[2018.08.05-17.04.23:186][219]LogModuleManager: Shutting down and abandoning module WindowsNoEditorTargetPlatform (103)
[2018.08.05-17.04.23:186][219]LogModuleManager: Shutting down and abandoning module WindowsClientTargetPlatform (101)
[2018.08.05-17.04.23:186][219]LogModuleManager: Shutting down and abandoning module MacTargetPlatform (99)
[2018.08.05-17.04.23:186][219]LogModuleManager: Shutting down and abandoning module MacServerTargetPlatform (97)
[2018.08.05-17.04.23:186][219]LogModuleManager: Shutting down and abandoning module MacNoEditorTargetPlatform (95)
[2018.08.05-17.04.23:186][219]LogModuleManager: Shutting down and abandoning module MacClientTargetPlatform (93)
[2018.08.05-17.04.23:186][219]LogModuleManager: Shutting down and abandoning module AllDesktopTargetPlatform (91)
[2018.08.05-17.04.23:186][219]LogModuleManager: Shutting down and abandoning module InputCore (88)
[2018.08.05-17.04.23:186][219]LogModuleManager: Shutting down and abandoning module Settings (86)
[2018.08.05-17.04.23:186][219]LogModuleManager: Shutting down and abandoning module PhysXCooking (84)
[2018.08.05-17.04.23:186][219]LogModuleManager: Shutting down and abandoning module SteamVR (82)
[2018.08.05-17.04.23:187][219]LogModuleManager: Shutting down and abandoning module OculusHMD (80)
[2018.08.05-17.04.23:187][219]LogModuleManager: Shutting down and abandoning module ExampleDeviceProfileSelector (78)
[2018.08.05-17.04.23:187][219]LogModuleManager: Shutting down and abandoning module LauncherChunkInstaller (76)
[2018.08.05-17.04.23:187][219]LogModuleManager: Shutting down and abandoning module OnlineBlueprintSupport (74)
[2018.08.05-17.04.23:187][219]LogModuleManager: Shutting down and abandoning module OnlineSubsystem (70)
[2018.08.05-17.04.23:188][219]LogModuleManager: Shutting down and abandoning module XMPP (65)
[2018.08.05-17.04.23:188][219]LogModuleManager: Shutting down and abandoning module WebSockets (64)
[2018.08.05-17.04.23:208][219]LogModuleManager: Shutting down and abandoning module HTTP (61)
[2018.08.05-17.04.23:208][219]LogHttp: Display: Http module shutting down, but needs to wait on 1 outstanding Http requests:
[2018.08.05-17.04.23:208][219]LogHttp: Display: 	verb=[POST] url=[https://datarouter.ol.epicgames.com/datarouter/api/v1/public/data?SessionID=%7BD1450C2B-4E3C-2623-7CF5-EA90D81AD194%7D&AppID=UEEditor.Rocket.Release&AppVersion=4.20.1-4233996%2B%2B%2BUE4%2BRelease-4.20&UserID=97fb701d40ab8723771d9c9d3107cb21%7C7735729cfacd45018d8e5ad7a2086512%7C98041dc8-fcab-46c6-8f60-eca13a37fb98&AppEnvironment=datacollector-binary&UploadType=eteventstream] status=Processing
[2018.08.05-17.04.23:236][219]LogModuleManager: Shutting down and abandoning module SSL (60)
[2018.08.05-17.04.23:238][219]LogModuleManager: Shutting down and abandoning module MagicLeapEmulator (56)
[2018.08.05-17.04.23:238][219]LogModuleManager: Shutting down and abandoning module MagicLeapPrivileges (54)
[2018.08.05-17.04.23:238][219]LogModuleManager: Shutting down and abandoning module MagicLeapIdentity (52)
[2018.08.05-17.04.23:238][219]LogModuleManager: Shutting down and abandoning module MagicLeapHelperVulkan (50)
[2018.08.05-17.04.23:238][219]LogModuleManager: Shutting down and abandoning module MagicLeapHelperOpenGL (48)
[2018.08.05-17.04.23:238][219]LogModuleManager: Shutting down and abandoning module MagicLeapSecureStorage (46)
[2018.08.05-17.04.23:238][219]LogModuleManager: Shutting down and abandoning module MagicLeapGestures (44)
[2018.08.05-17.04.23:238][219]LogModuleManager: Shutting down and abandoning module MagicLeapEyeTracker (42)
[2018.08.05-17.04.23:238][219]LogModuleManager: Shutting down and abandoning module MagicLeapController (40)
[2018.08.05-17.04.23:239][219]LogSlate: Slate User Destroyed.  User Index 0, Is Virtual User: 0
[2018.08.05-17.04.23:239][219]LogModuleManager: Shutting down and abandoning module MagicLeap (38)
[2018.08.05-17.04.23:239][219]LogModuleManager: Shutting down and abandoning module AnimationModifiers (36)
[2018.08.05-17.04.23:239][219]LogModuleManager: Shutting down and abandoning module PropertyEditor (35)
[2018.08.05-17.04.23:239][219]LogModuleManager: Shutting down and abandoning module AudioEditor (32)
[2018.08.05-17.04.23:239][219]LogModuleManager: Shutting down and abandoning module TextureCompressor (30)
[2018.08.05-17.04.23:239][219]LogModuleManager: Shutting down and abandoning module ShaderCore (28)
[2018.08.05-17.04.23:239][219]LogModuleManager: Shutting down and abandoning module Landscape (26)
[2018.08.05-17.04.23:239][219]LogModuleManager: Shutting down and abandoning module SlateRHIRenderer (24)
[2018.08.05-17.04.23:240][219]LogModuleManager: Shutting down and abandoning module OpenGLDrv (22)
[2018.08.05-17.04.23:240][219]LogModuleManager: Shutting down and abandoning module D3D11RHI (20)
[2018.08.05-17.04.23:240][219]LogModuleManager: Shutting down and abandoning module AnimGraphRuntime (18)
[2018.08.05-17.04.23:240][219]LogModuleManager: Shutting down and abandoning module Renderer (16)
[2018.08.05-17.04.23:240][219]LogModuleManager: Shutting down and abandoning module Engine (14)
[2018.08.05-17.04.23:240][219]LogModuleManager: Shutting down and abandoning module CoreUObject (12)
[2018.08.05-17.04.23:240][219]LogModuleManager: Shutting down and abandoning module NetworkFile (10)
[2018.08.05-17.04.23:240][219]LogModuleManager: Shutting down and abandoning module CookedIterativeFile (8)
[2018.08.05-17.04.23:240][219]LogModuleManager: Shutting down and abandoning module StreamingFile (6)
[2018.08.05-17.04.23:241][219]LogModuleManager: Shutting down and abandoning module SandboxFile (4)
[2018.08.05-17.04.23:241][219]LogModuleManager: Shutting down and abandoning module PakFile (2)
[2018.08.05-17.04.23:248][219]LogExit: Exiting.
[2018.08.05-17.04.23:312][219]Log file closed, 08/06/18 02:04:23
