Log file open, 10/06/16 14:38:53
LogInit:Display: Running engine for game: ItemPrototype_LJS
LogPlatformFile: Not using cached read wrapper
LogInit:Display: RandInit(186442225) SRandInit(186442227).
LogTaskGraph: Started task graph with 4 named threads and 7 total threads with 1 sets of task threads.
LogStats: Stats thread started at 0.079103
LogInit: Version: 4.12.5-0+UE4
LogInit: API Version: 0
LogInit: Net Version: 0
LogDevObjectVersion: Number of dev versions registered: 13
LogDevObjectVersion:   Dev-Blueprints (B0D832E4-1F89-4F0D-ACCF-7EB736FD4AA2): 3
LogDevObjectVersion:   Dev-Build (E1C64328-A22C-4D53-A36C-8E866417BD8C): 0
LogDevObjectVersion:   Dev-Core (375EC13C-06E4-48FB-B500-84F0262A717E): 1
LogDevObjectVersion:   Dev-Editor (E4B068ED-F494-42E9-A231-DA0B2E46BB41): 2
LogDevObjectVersion:   Dev-Framework (CFFC743F-43B0-4480-9391-14DF171D2073): 6
LogDevObjectVersion:   Dev-Mobile (B02B49B5-BB20-44E9-A304-32B752E40360): 0
LogDevObjectVersion:   Dev-Networking (A4E4105C-59A1-49B5-A7C5-40C4547EDFEE): 0
LogDevObjectVersion:   Dev-Online (39C831C9-5AE6-47DC-9A44-9C173E1C8E7C): 0
LogDevObjectVersion:   Dev-Physics (78F01B33-EBEA-4F98-B9B4-84EACCB95AA2): 0
LogDevObjectVersion:   Dev-Platform (6631380F-2D4D-43E0-8009-CF276956A95A): 0
LogDevObjectVersion:   Dev-Rendering (12F88B9F-8875-4AFC-A67C-D90C383ABD29): 2
LogDevObjectVersion:   Dev-Sequencer (7B5AE74C-D270-4C10-A958-57980B212A5A): 0
LogDevObjectVersion:   Dev-VR (D7296918-1DD6-4BDD-9DE2-64A83CC13884): 0
LogInit: Compiled (64-bit): Aug  4 2016 20:08:03
LogInit: Compiled with Visual C++: 19.00.23506.00
LogInit: Build Configuration: Development
LogInit: Branch Name: UE4
LogInit: Command line:  
LogInit: Base directory: D:/Project/depot/Main/Program/Client/UE4/Engine/Binaries/Win64/
LogInit: Installed Engine Build: 0
LogInit: Presizing for max 8388607 objects, including 0 objects not considered by GC, pre-allocating 0 bytes for permanent pool.
LogInit: Object subsystem initialized
[2016.10.06-05.38.53:630][  0]LogInit: Selected Device Profile: [Windows]
[2016.10.06-05.38.53:630][  0]LogInit: Applying CVar settings loaded from the selected device profile: [Windows]
[2016.10.06-05.38.53:639][  0]LogInit: Computer: EMPRISE-PC1
[2016.10.06-05.38.53:639][  0]LogInit: User: emprise
[2016.10.06-05.38.53:639][  0]LogInit: CPU Page size=65536, Cores=4
[2016.10.06-05.38.53:639][  0]LogInit: High frequency timer resolution =3.515664 MHz
[2016.10.06-05.38.53:640][  0]LogMemory: Memory total: Physical=16.0GB (16GB approx)
[2016.10.06-05.38.53:640][  0]LogMemory: Platform Memory Stats for Windows
[2016.10.06-05.38.53:640][  0]LogMemory: Process Physical Memory: 193.70 MB used, 193.70 MB peak
[2016.10.06-05.38.53:640][  0]LogMemory: Process Virtual Memory: 197.82 MB used, 197.82 MB peak
[2016.10.06-05.38.53:640][  0]LogMemory: Physical Memory: 8967.06 MB used, 16334.92 MB total
[2016.10.06-05.38.53:640][  0]LogMemory: Virtual Memory: 519.00 MB used, 8388608.00 MB total
[2016.10.06-05.38.54:284][  0]LogD3D11RHI: D3D11 adapters:
[2016.10.06-05.38.54:441][  0]LogD3D11RHI:    0. 'NVIDIA GeForce GTX 750' (Feature Level 11_0)
[2016.10.06-05.38.54:441][  0]LogD3D11RHI:       972/0/3072 MB DedicatedVideo/DedicatedSystem/SharedSystem, Outputs:2, VendorId:0x10de
[2016.10.06-05.38.54:441][  0]LogD3D11RHI: Chosen D3D11 Adapter: 0
[2016.10.06-05.38.54:446][  0]LogD3D11RHI: Creating new Direct3DDevice
[2016.10.06-05.38.54:447][  0]LogD3D11RHI:     GPU DeviceId: 0x1381 (for the marketing name, search the web for "GPU Device Id")
[2016.10.06-05.38.54:447][  0]LogWindows: EnumDisplayDevices:
[2016.10.06-05.38.54:447][  0]LogWindows:    0. 'NVIDIA GeForce GTX 750' (P:1 D:1)
[2016.10.06-05.38.54:447][  0]LogWindows:    1. 'NVIDIA GeForce GTX 750' (P:0 D:1)
[2016.10.06-05.38.54:448][  0]LogWindows:    2. 'NVIDIA GeForce GTX 750' (P:0 D:0)
[2016.10.06-05.38.54:448][  0]LogWindows:    3. 'NVIDIA GeForce GTX 750' (P:0 D:0)
[2016.10.06-05.38.54:448][  0]LogWindows:    4. 'RDPDD Chained DD' (P:0 D:0)
[2016.10.06-05.38.54:448][  0]LogWindows:    5. 'RDP Encoder Mirror Driver' (P:0 D:0)
[2016.10.06-05.38.54:449][  0]LogWindows:    6. 'RDP Reflector Display Driver' (P:0 D:0)
[2016.10.06-05.38.54:449][  0]LogWindows: DebugString: GetVideoDriverDetailsInvalid PrimaryIsNotTheChoosenAdapter GetVideoDriverDetailsInvalid PrimaryIsNotTheChoosenAdapter GetVideoDriverDetailsInvalid PrimaryIsNotTheChoosenAdapter FoundDriverCount:4 
[2016.10.06-05.38.54:449][  0]LogD3D11RHI:     Adapter Name: NVIDIA GeForce GTX 750
[2016.10.06-05.38.54:449][  0]LogD3D11RHI:   Driver Version: 368.81 (internal:10.18.13.6881, unified:368.81)
[2016.10.06-05.38.54:449][  0]LogD3D11RHI:      Driver Date: 7-10-2016
[2016.10.06-05.38.54:449][  0]LogRHI: Texture pool is 680 MB (70% of 972 MB)
[2016.10.06-05.38.54:573][  0]LogD3D11RHI: Async texture creation enabled
[2016.10.06-05.38.54:587][  0]LogD3D11RHI: GPU Timing Frequency: 1000.000000 (Debug: 2 2)
[2016.10.06-05.38.54:587][  0]LogShaderCompilers: Guid format shader working directory is -31 characters bigger than the processId version (../../../../../../../../../Wifun_작업문서 이정상/MyOwnUnrealProjects/ItemPrototype_LJS/Intermediate/Shaders/WorkingDirectory/9140/).
[2016.10.06-05.38.54:587][  0]LogShaderCompilers: Cleaned the shader compiler working directory 'C:/Users/EMPRISE/AppData/Local/Temp/UnrealShaderWorkingDir/B1B0CB59433CB32488C9848D7FC134D2/'.
[2016.10.06-05.38.54:587][  0]LogShaderCompilers:Display: Using Local Shader Compiler.
[2016.10.06-05.38.56:277][  0]LogTemp:Display: Loaded TP AllDesktopTargetPlatform
[2016.10.06-05.38.56:285][  0]LogTemp:Display: Loaded TP WindowsClientTargetPlatform
[2016.10.06-05.38.56:292][  0]LogTemp:Display: Loaded TP WindowsNoEditorTargetPlatform
[2016.10.06-05.38.56:301][  0]LogTemp:Display: Loaded TP WindowsServerTargetPlatform
[2016.10.06-05.38.56:309][  0]LogTemp:Display: Loaded TP WindowsTargetPlatform
[2016.10.06-05.38.56:317][  0]LogTemp:Display: Loaded TP AndroidTargetPlatform
[2016.10.06-05.38.56:325][  0]LogTemp:Display: Loaded TP Android_ASTCTargetPlatform
[2016.10.06-05.38.56:333][  0]LogTemp:Display: Loaded TP Android_ATCTargetPlatform
[2016.10.06-05.38.56:341][  0]LogTemp:Display: Loaded TP Android_DXTTargetPlatform
[2016.10.06-05.38.56:349][  0]LogTemp:Display: Loaded TP Android_ETC1TargetPlatform
[2016.10.06-05.38.56:357][  0]LogTemp:Display: Loaded TP Android_ETC2TargetPlatform
[2016.10.06-05.38.56:373][  0]LogTemp:Display: Loaded TP Android_MultiTargetPlatform
[2016.10.06-05.38.56:373][  0]LogTemp:Display: Loaded TP Android_PVRTCTargetPlatform
[2016.10.06-05.38.56:376][  0]LogTemp:Display: Loaded TP HTML5TargetPlatform
[2016.10.06-05.38.56:404][  0]LogTemp:Display: Loaded TP IOSTargetPlatform
[2016.10.06-05.38.56:411][  0]LogTemp:Display: Loaded TP TVOSTargetPlatform
[2016.10.06-05.38.56:411][  0]LogTargetPlatformManager:Display: Building Assets For Windows
[2016.10.06-05.38.56:608][  0]LogDerivedDataCache:Display: Max Cache Size: 512 MB
[2016.10.06-05.38.56:647][  0]LogDerivedDataCache: Loaded boot cache 0.04s 48MB ../../../../../../../../../Wifun_작업문서 이정상/MyOwnUnrealProjects/ItemPrototype_LJS/DerivedDataCache/Boot.ddc.
[2016.10.06-05.38.56:647][  0]LogDerivedDataCache:Display: Loaded Boot cache: ../../../../../../../../../Wifun_작업문서 이정상/MyOwnUnrealProjects/ItemPrototype_LJS/DerivedDataCache/Boot.ddc
[2016.10.06-05.38.56:647][  0]LogDerivedDataCache: FDerivedDataBackendGraph:  Pak pak cache file ../../../../../../../../../Wifun_작업문서 이정상/MyOwnUnrealProjects/ItemPrototype_LJS/DerivedDataCache/DDC.ddp not found, will not use a pak cache.
[2016.10.06-05.38.56:647][  0]LogDerivedDataCache: Unable to find inner node Pak for hierarchical cache Hierarchy.
[2016.10.06-05.38.56:647][  0]LogDerivedDataCache: FDerivedDataBackendGraph:  EnginePak pak cache file ../../../Engine/DerivedDataCache/DDC.ddp not found, will not use a pak cache.
[2016.10.06-05.38.56:647][  0]LogDerivedDataCache: Unable to find inner node EnginePak for hierarchical cache Hierarchy.
[2016.10.06-05.38.56:660][  0]LogDerivedDataCache: Using Local data cache path ../../../Engine/DerivedDataCache: Writable
[2016.10.06-05.38.56:660][  0]LogDerivedDataCache: Shared data cache path not found in *engine.ini, will not use an Shared cache.
[2016.10.06-05.38.56:660][  0]LogDerivedDataCache: Unable to find inner node Shared for hierarchical cache Hierarchy.
[2016.10.06-05.38.56:839][  0]LogInit: Selected Device Profile: [Windows]
[2016.10.06-05.38.56:839][  0]LogContentStreaming: Texture pool size is 0.00 MB
[2016.10.06-05.38.57:059][  0]LogMeshUtilities: Using SimplygonUtilities for automatic mesh reduction
[2016.10.06-05.38.57:759][  0]LogSimplygon:Display: Initialized with Simplygon 8.0.2043.@887_18f808c3cf724e5a994f57de5c83cc4b
[2016.10.06-05.38.57:788][  0]LogMeshUtilities: Using SimplygonMeshReduction for automatic mesh reduction
[2016.10.06-05.38.57:789][  0]LogMeshUtilities: Using SimplygonMeshReduction for automatic mesh merging
[2016.10.06-05.38.57:789][  0]LogMeshUtilities: Using SimplygonMeshReduction for material merging
[2016.10.06-05.38.57:789][  0]LogMeshUtilities: Using SimplygonMeshReduction for simplygon tools
[2016.10.06-05.38.57:822][  0]LogMeshUtilities: Using SimplygonSwarm for distributed automatic mesh merging
[2016.10.06-05.38.57:822][  0]LogStaticMesh: Fetching Item from cache
[2016.10.06-05.38.57:844][  0]LogStaticMesh: Fetching Item from cache
[2016.10.06-05.38.57:846][  0]LogStaticMesh: Fetching Item from cache
[2016.10.06-05.38.57:847][  0]LogStaticMesh: Fetching Item from cache
[2016.10.06-05.38.57:861][  0]LogStaticMesh: Fetching Item from cache
[2016.10.06-05.38.57:937][  0]LogStaticMesh: Fetching Item from cache
[2016.10.06-05.38.57:941][  0]LogStaticMesh: Fetching Item from cache
[2016.10.06-05.38.57:986][  0]LogStaticMesh: Fetching Item from cache
[2016.10.06-05.38.58:029][  0]LogStaticMesh: Fetching Item from cache
[2016.10.06-05.38.58:063][  0]LogAssetRegistry: FAssetRegistry took 0.0197 seconds to start up
[2016.10.06-05.38.58:089][  0]LogPackageLocalizationCache: Processed 3 localized package path(s) for 1 prioritized culture(s) in 0.020115 seconds
[2016.10.06-05.38.58:093][  0]LogUObjectArray: 28853 objects as part of root set at end of initial load.
[2016.10.06-05.38.58:093][  0]LogUObjectAllocator: 5871920 out of 0 bytes used by permanent object pool.
[2016.10.06-05.38.58:093][  0]LogUObjectArray: CloseDisregardForGC: 0/0 objects in disregard for GC pool
[2016.10.06-05.38.58:160][  0]LogInit: WinSock: version 1.1 (2.2), MaxSocks=32767, MaxUdp=65467
[2016.10.06-05.38.58:553][  0]LogStaticMesh: Fetching Item from cache
[2016.10.06-05.38.58:558][  0]LogStaticMesh: Fetching Item from cache
[2016.10.06-05.38.58:559][  0]LogStaticMesh: Fetching Item from cache
[2016.10.06-05.38.58:560][  0]LogStaticMesh: Fetching Item from cache
[2016.10.06-05.38.58:562][  0]LogStaticMesh: Fetching Item from cache
[2016.10.06-05.38.58:564][  0]LogStaticMesh: Fetching Item from cache
[2016.10.06-05.38.58:570][  0]LogStaticMesh: Fetching Item from cache
[2016.10.06-05.38.58:573][  0]LogStaticMesh: Fetching Item from cache
[2016.10.06-05.38.58:834][  0]LogStaticMesh: Fetching Item from cache
[2016.10.06-05.38.58:835][  0]LogStaticMesh: Fetching Item from cache
[2016.10.06-05.38.58:837][  0]LogStaticMesh: Fetching Item from cache
[2016.10.06-05.38.58:839][  0]LogStaticMesh: Fetching Item from cache
[2016.10.06-05.38.58:840][  0]LogStaticMesh: Fetching Item from cache
[2016.10.06-05.38.58:841][  0]LogStaticMesh: Fetching Item from cache
[2016.10.06-05.38.58:842][  0]LogStaticMesh: Fetching Item from cache
[2016.10.06-05.38.58:850][  0]LogStaticMesh: Fetching Item from cache
[2016.10.06-05.38.58:851][  0]LogStaticMesh: Fetching Item from cache
[2016.10.06-05.38.58:860][  0]LogStaticMesh: Fetching Item from cache
[2016.10.06-05.38.58:861][  0]LogStaticMesh: Fetching Item from cache
[2016.10.06-05.38.58:862][  0]LogStaticMesh: Fetching Item from cache
[2016.10.06-05.38.58:931][  0]LogSlate: SlateFontCache - WITH_FREETYPE: 1, WITH_HARFBUZZ: 1
[2016.10.06-05.38.58:931][  0]LogSlate: SlateFontCache - WITH_FREETYPE: 1, WITH_HARFBUZZ: 1
[2016.10.06-05.38.59:782][  0]LogUdpMessaging: Initializing bridge on interface 0.0.0.0:0 to multicast group 230.0.0.1:6666.
[2016.10.06-05.39.00:210][  0]SourceControl: Info Source control is disabled
[2016.10.06-05.39.00:211][  0]SourceControl: Info Source control is disabled
[2016.10.06-05.39.00:240][  0]SourceControl: Info Source control is disabled
[2016.10.06-05.39.00:258][  0]SourceControl: Info Source control is disabled
[2016.10.06-05.39.00:650][  0]LogEngine: Initializing Engine...
[2016.10.06-05.39.00:654][  0]LogHMD: SteamVR failed to initialize.  Err: 110
[2016.10.06-05.39.00:657][  0]LogHMD: SteamVR failed to initialize.  Err: 110
[2016.10.06-05.39.00:828][  0]LogAIModule: Creating AISystem for world NewWorld
[2016.10.06-05.39.00:840][  0]LogInit: XAudio2 using '스피커(2- Realtek High Definition Audio)' : 2 channels at 48 kHz using 32 bits per sample (channel mask 0x3)
[2016.10.06-05.39.00:851][  0]LogInit: FAudioDevice initialized.
[2016.10.06-05.39.00:902][  0]LogDerivedDataCache: Saved boot cache 0.05s 48MB ../../../../../../../../../Wifun_작업문서 이정상/MyOwnUnrealProjects/ItemPrototype_LJS/DerivedDataCache/Boot.ddc.
[2016.10.06-05.39.00:906][  0]LogInit: Texture streaming: Enabled
[2016.10.06-05.39.00:926][  0]LogInit: Transaction tracking system initialized
[2016.10.06-05.39.01:109][  0]BlueprintLog: New page: Editor Load
[2016.10.06-05.39.01:474][  0]LocalizationService: Info Localization service is disabled
[2016.10.06-05.39.01:794][  0]LogConsoleResponse:Display: 
[2016.10.06-05.39.01:885][  0]LogCook:Display: Max memory allowance for cook 8192mb
[2016.10.06-05.39.01:885][  0]LogCook:Display: Mobile HDR setting 1
[2016.10.06-05.39.01:954][  0]LogFileCache: Scanning file cache for directory 'D:/Wifun_작업문서 이정상/MyOwnUnrealProjects/ItemPrototype_LJS/Content/' took 0.01s
[2016.10.06-05.39.01:954][  0]LogStaticMesh: Fetching Item from cache
[2016.10.06-05.39.01:956][  0]LogStaticMesh: Fetching Item from cache
[2016.10.06-05.39.01:959][  0]LogStaticMesh: Fetching Item from cache
[2016.10.06-05.39.01:960][  0]LogStaticMesh: Fetching Item from cache
[2016.10.06-05.39.02:101][  0]SourceControl: Info Source control is disabled
[2016.10.06-05.39.02:101][  0]Cmd: MAP LOAD FILE="../../../../../../../../../Wifun_작업문서 이정상/MyOwnUnrealProjects/ItemPrototype_LJS/Content/FirstPersonBP/Maps/LJS_LV_SpawnVolume.umap" TEMPLATE=0 SHOWPROGRESS=1 FEATURELEVEL=3
[2016.10.06-05.39.02:102][  0]LightingResults: New page: Lighting Build
[2016.10.06-05.39.02:112][  0]MapCheck: New page: Map Check
[2016.10.06-05.39.02:112][  0]LightingResults: New page: Lighting Build
[2016.10.06-05.39.02:693][  0]LogStaticMesh: Fetching Item from cache
[2016.10.06-05.39.02:821][  0]LogAIModule: Creating AISystem for world LJS_LV_SpawnVolume
[2016.10.06-05.39.02:830][  0]LogEditorServer: Finished looking for orphan Actors (0.000 secs)
[2016.10.06-05.39.02:831][  0]Cmd: MAP CHECKDEP NOCLEARLOG
[2016.10.06-05.39.02:894][  0]MapCheck: Info Map check complete: 0 Error(s), 0 Warning(s), took 62.644ms to complete.
[2016.10.06-05.39.02:894][  0]LogFileHelpers: Loading map 'LJS_LV_SpawnVolume' took 0.791
[2016.10.06-05.39.03:027][  0]LogCollectionManager: Loaded 0 collections in 0.001188 seconds
[2016.10.06-05.39.03:080][  0]LogFileCache: Scanning file cache for directory 'D:/Wifun_작업문서 이정상/MyOwnUnrealProjects/ItemPrototype_LJS/Saved/Collections/' took 0.01s
[2016.10.06-05.39.03:080][  0]LogFileCache: Scanning file cache for directory 'D:/Wifun_작업문서 이정상/MyOwnUnrealProjects/ItemPrototype_LJS/Content/Developers/emprise/Collections/' took 0.01s
[2016.10.06-05.39.03:080][  0]LogFileCache: Scanning file cache for directory 'D:/Wifun_작업문서 이정상/MyOwnUnrealProjects/ItemPrototype_LJS/Content/Collections/' took 0.01s
[2016.10.06-05.39.03:080][  0]LogCollectionManager: Rebuilt the GUID cache for 0 collections in 0.000002 seconds
[2016.10.06-05.39.03:087][  0]LogContentBrowser: Native class hierarchy populated in 0.0070 seconds. Added 2049 classes and 372 folders.
[2016.10.06-05.39.03:096][  0]LogStats: UGameplayTagsManager::ConstructGameplayTagTree: Construct from data asset -  0.000 s
[2016.10.06-05.39.03:096][  0]LogStats: UGameplayTagsManager::ConstructGameplayTagTree: GameplayTagTreeChangedEvent.Broadcast -  0.000 s
[2016.10.06-05.39.03:097][  0]LogContentBrowser: Native class hierarchy updated for 'GameplayTags' in 0.0008 seconds. Added 12 classes and 0 folders.
[2016.10.06-05.39.03:113][  0]LogContentBrowser: Native class hierarchy updated for 'WidgetCarousel' in 0.0006 seconds. Added 0 classes and 0 folders.
[2016.10.06-05.39.03:166][  0]LogContentBrowser: Native class hierarchy updated for 'AddContentDialog' in 0.0007 seconds. Added 0 classes and 0 folders.
[2016.10.06-05.39.03:185][  0]LogContentBrowser: Native class hierarchy updated for 'SceneOutliner' in 0.0006 seconds. Added 1 classes and 2 folders.
[2016.10.06-05.39.03:280][  0]LogContentBrowser: Native class hierarchy updated for 'WorldBrowser' in 0.0006 seconds. Added 1 classes and 3 folders.
[2016.10.06-05.39.03:286][  0]LogCrashTracker: Crashtracker disabled due to settings.
[2016.10.06-05.39.03:290][  0]LogUObjectGlobals:Warning: Failed to find object 'Class None.'
[2016.10.06-05.39.03:337][  0]LogContentBrowser: Native class hierarchy updated for 'HierarchicalLODOutliner' in 0.0006 seconds. Added 1 classes and 2 folders.
[2016.10.06-05.39.03:337][  0]LogLoad: Full Startup: 11.20 seconds (BP compile: 0.20 seconds)
[2016.10.06-05.39.03:337][  0]LogExternalProfiler: No external profilers were discovered.  External profiling features will not be available.
[2016.10.06-05.39.03:350][  0]LogOcInput: OculusInput pre-init called
[2016.10.06-05.39.03:372][  0]LogContentStreaming: Texture pool size now 200 MB
[2016.10.06-05.39.03:500][  0]LogRenderer: Reallocating scene render targets to support 1108x648 (Frame:2).
[2016.10.06-05.39.03:554][  1]LogAssetRegistry: Asset discovery search completed in 5.5105 seconds
[2016.10.06-05.39.03:554][  1]LogCollectionManager: Rebuilt the object cache for 0 collections in 0.000001 seconds (found 0 objects)
[2016.10.06-05.39.03:554][  1]LogCollectionManager: Fixed up redirectors for 0 collections in 0.000026 seconds (updated 0 objects)
[2016.10.06-05.39.08:785][464]LogContentBrowser: Native class hierarchy updated for 'BlueprintGraph' in 0.0010 seconds. Added 111 classes and 0 folders.
[2016.10.06-05.39.09:211][464]LogStaticMesh: Fetching Item from cache
[2016.10.06-05.40.57:208][103]BlueprintLog: New page: Compile FirstPersonCharacter
[2016.10.06-05.40.57:580][103]BlueprintEditorCompileResults: Info [0125.44] Compile of FirstPersonCharacter successful! [in 372 ms] (/Game/FirstPersonBP/Blueprints/FirstPersonCharacter.FirstPersonCharacter)
[2016.10.06-05.41.39:946][461]LogSavePackage: Save=229.54ms
[2016.10.06-05.41.39:946][461]LogSavePackage: Moving '../../../../../../../../../Wifun_작업문서 이정상/MyOwnUnrealProjects/ItemPrototype_LJS/Saved/FirstPersonCharacter4A3769454BC06D48C7A119B9D3DBBD86.tmp' to '../../../../../../../../../Wifun_작업문서 이정상/MyOwnUnrealProjects/ItemPrototype_LJS/Content/FirstPersonBP/Blueprints/FirstPersonCharacter.uasset'
[2016.10.06-05.41.39:952][461]LogSavePackage:Display: Finished SavePackage ../../../../../../../../../Wifun_작업문서 이정상/MyOwnUnrealProjects/ItemPrototype_LJS/Content/FirstPersonBP/Blueprints/FirstPersonCharacter.uasset
[2016.10.06-05.41.41:164][512]Cmd: QUIT_EDITOR
[2016.10.06-05.41.41:236][512]LogExit: Preparing to exit.
[2016.10.06-05.41.41:962][512]LogExit: Editor shut down
[2016.10.06-05.41.41:963][512]LogExit: Transaction tracking system shut down
[2016.10.06-05.41.42:143][512]LogObj: Freed 0b from 0 cluster array pools.
[2016.10.06-05.41.42:143][512]LogExit: Object subsystem successfully closed.
[2016.10.06-05.41.42:155][512]LogD3D11RHI: Shutdown
[2016.10.06-05.41.42:155][512]LogD3D11RHI: CleanupD3DDevice
[2016.10.06-05.41.42:198][512]LogD3D11RHI: ~FD3D11DynamicRHI
[2016.10.06-05.41.42:206][512]LogModuleManager: Shutting down and abandoning module BlueprintGraph (213)
[2016.10.06-05.41.42:206][512]LogModuleManager: Shutting down and abandoning module HierarchicalLODOutliner (212)
[2016.10.06-05.41.42:206][512]LogModuleManager: Shutting down and abandoning module CrashTracker (211)
[2016.10.06-05.41.42:206][512]LogModuleManager: Shutting down and abandoning module WorldBrowser (210)
[2016.10.06-05.41.42:206][512]LogModuleManager: Shutting down and abandoning module SceneOutliner (209)
[2016.10.06-05.41.42:206][512]LogModuleManager: Shutting down and abandoning module WidgetCarousel (208)
[2016.10.06-05.41.42:206][512]LogModuleManager: Shutting down and abandoning module AddContentDialog (207)
[2016.10.06-05.41.42:207][512]LogModuleManager: Shutting down and abandoning module GameplayTags (206)
[2016.10.06-05.41.42:207][512]LogModuleManager: Shutting down and abandoning module EditorWidgets (205)
[2016.10.06-05.41.42:207][512]LogModuleManager: Shutting down and abandoning module CollectionManager (204)
[2016.10.06-05.41.42:207][512]LogModuleManager: Shutting down and abandoning module StatsViewer (203)
[2016.10.06-05.41.42:207][512]LogModuleManager: Shutting down and abandoning module FoliageEdit (202)
[2016.10.06-05.41.42:207][512]LogModuleManager: Shutting down and abandoning module LandscapeEditor (201)
[2016.10.06-05.41.42:207][512]LogModuleManager: Shutting down and abandoning module SceneDepthPickerMode (200)
[2016.10.06-05.41.42:207][512]LogModuleManager: Shutting down and abandoning module ActorPickerMode (199)
[2016.10.06-05.41.42:207][512]LogModuleManager: Shutting down and abandoning module GeometryMode (198)
[2016.10.06-05.41.42:207][512]LogModuleManager: Shutting down and abandoning module TextureAlignMode (197)
[2016.10.06-05.41.42:207][512]LogModuleManager: Shutting down and abandoning module BspMode (196)
[2016.10.06-05.41.42:207][512]LogModuleManager: Shutting down and abandoning module SequenceRecorderSections (195)
[2016.10.06-05.41.42:207][512]LogModuleManager: Shutting down and abandoning module SequenceRecorder (194)
[2016.10.06-05.41.42:207][512]LogModuleManager: Shutting down and abandoning module AutomationWorker (193)
[2016.10.06-05.41.42:207][512]LogModuleManager: Shutting down and abandoning module MatineeToLevelSequence (192)
[2016.10.06-05.41.42:207][512]LogModuleManager: Shutting down and abandoning module PlacementMode (191)
[2016.10.06-05.41.42:207][512]LogModuleManager: Shutting down and abandoning module LevelSequenceEditor (190)
[2016.10.06-05.41.42:208][512]LogModuleManager: Shutting down and abandoning module CharacterAI (189)
[2016.10.06-05.41.42:208][512]LogModuleManager: Shutting down and abandoning module SmartSnapping (188)
[2016.10.06-05.41.42:208][512]LogModuleManager: Shutting down and abandoning module SessionServices (187)
[2016.10.06-05.41.42:208][512]LogModuleManager: Shutting down and abandoning module ViewportSnapping (186)
[2016.10.06-05.41.42:208][512]LogModuleManager: Shutting down and abandoning module LogVisualizer (185)
[2016.10.06-05.41.42:208][512]LogModuleManager: Shutting down and abandoning module GameProjectGeneration (184)
[2016.10.06-05.41.42:208][512]LogModuleManager: Shutting down and abandoning module IntroTutorials (183)
[2016.10.06-05.41.42:208][512]LogModuleManager: Shutting down and abandoning module EditorLiveStreaming (182)
[2016.10.06-05.41.42:208][512]LogModuleManager: Shutting down and abandoning module IOSPlatformEditor (181)
[2016.10.06-05.41.42:208][512]LogModuleManager: Shutting down and abandoning module HTML5PlatformEditor (180)
[2016.10.06-05.41.42:208][512]LogModuleManager: Shutting down and abandoning module AndroidDeviceDetection (179)
[2016.10.06-05.41.42:561][512]LogModuleManager: Shutting down and abandoning module AndroidPlatformEditor (178)
[2016.10.06-05.41.42:561][512]LogModuleManager: Shutting down and abandoning module IOSRuntimeSettings (177)
[2016.10.06-05.41.42:561][512]LogModuleManager: Shutting down and abandoning module AndroidRuntimeSettings (176)
[2016.10.06-05.41.42:561][512]LogModuleManager: Shutting down and abandoning module MergeActors (175)
[2016.10.06-05.41.42:561][512]LogModuleManager: Shutting down and abandoning module SizeMap (174)
[2016.10.06-05.41.42:561][512]LogModuleManager: Shutting down and abandoning module TreeMap (173)
[2016.10.06-05.41.42:561][512]LogModuleManager: Shutting down and abandoning module ReferenceViewer (172)
[2016.10.06-05.41.42:561][512]LogModuleManager: Shutting down and abandoning module LocalizationService (171)
[2016.10.06-05.41.42:561][512]LogModuleManager: Shutting down and abandoning module LocalizationDashboard (170)
[2016.10.06-05.41.42:561][512]LogModuleManager: Shutting down and abandoning module HardwareTargeting (169)
[2016.10.06-05.41.42:561][512]LogModuleManager: Shutting down and abandoning module DeviceProfileEditor (168)
[2016.10.06-05.41.42:561][512]LogModuleManager: Shutting down and abandoning module UndoHistory (167)
[2016.10.06-05.41.42:561][512]LogModuleManager: Shutting down and abandoning module UserFeedback (166)
[2016.10.06-05.41.42:561][512]LogModuleManager: Shutting down and abandoning module XmlParser (165)
[2016.10.06-05.41.42:561][512]LogModuleManager: Shutting down and abandoning module Blutility (164)
[2016.10.06-05.41.42:561][512]LogModuleManager: Shutting down and abandoning module ProjectTargetPlatformEditor (163)
[2016.10.06-05.41.42:562][512]LogModuleManager: Shutting down and abandoning module ProjectSettingsViewer (162)
[2016.10.06-05.41.42:562][512]LogModuleManager: Shutting down and abandoning module InputBindingEditor (161)
[2016.10.06-05.41.42:562][512]LogModuleManager: Shutting down and abandoning module EditorSettingsViewer (160)
[2016.10.06-05.41.42:562][512]LogModuleManager: Shutting down and abandoning module SettingsEditor (159)
[2016.10.06-05.41.42:562][512]LogModuleManager: Shutting down and abandoning module ProjectLauncher (158)
[2016.10.06-05.41.42:563][512]LogModuleManager: Shutting down and abandoning module SessionFrontend (157)
[2016.10.06-05.41.42:563][512]LogModuleManager: Shutting down and abandoning module ProfilerClient (156)
[2016.10.06-05.41.42:563][512]LogModuleManager: Shutting down and abandoning module TargetDeviceServices (155)
[2016.10.06-05.41.42:563][512]LogModuleManager: Shutting down and abandoning module DeviceManager (154)
[2016.10.06-05.41.42:613][512]LogModuleManager: Shutting down and abandoning module AutomationController (153)
[2016.10.06-05.41.42:613][512]LogModuleManager: Shutting down and abandoning module AutomationWindow (152)
[2016.10.06-05.41.42:613][512]LogModuleManager: Shutting down and abandoning module Layers (151)
[2016.10.06-05.41.42:613][512]LogModuleManager: Shutting down and abandoning module ComponentVisualizers (150)
[2016.10.06-05.41.42:613][512]LogModuleManager: Shutting down and abandoning module DetailCustomizations (149)
[2016.10.06-05.41.42:613][512]LogModuleManager: Shutting down and abandoning module PackagesDialog (148)
[2016.10.06-05.41.42:613][512]LogModuleManager: Shutting down and abandoning module Persona (147)
[2016.10.06-05.41.42:613][512]LogModuleManager: Shutting down and abandoning module Kismet (146)
[2016.10.06-05.41.42:613][512]LogModuleManager: Shutting down and abandoning module GraphEditor (145)
[2016.10.06-05.41.42:613][512]LogModuleManager: Shutting down and abandoning module ClassViewer (144)
[2016.10.06-05.41.42:613][512]LogModuleManager: Shutting down and abandoning module Toolbox (143)
[2016.10.06-05.41.42:613][512]LogModuleManager: Shutting down and abandoning module ModuleUI (142)
[2016.10.06-05.41.42:613][512]LogModuleManager: Shutting down and abandoning module MovieSceneTools (141)
[2016.10.06-05.41.42:613][512]LogModuleManager: Shutting down and abandoning module OutputLog (140)
[2016.10.06-05.41.42:613][512]LogModuleManager: Shutting down and abandoning module GammaUI (139)
[2016.10.06-05.41.42:613][512]LogModuleManager: Shutting down and abandoning module Documentation (138)
[2016.10.06-05.41.42:614][512]LogModuleManager: Shutting down and abandoning module StreamingPauseRendering (137)
[2016.10.06-05.41.42:614][512]LogModuleManager: Shutting down and abandoning module PortalServices (136)
[2016.10.06-05.41.42:614][512]LogModuleManager: Shutting down and abandoning module PortalRpc (135)
[2016.10.06-05.41.42:614][512]LogModuleManager: Shutting down and abandoning module MessagingRpc (134)
[2016.10.06-05.41.42:614][512]LogModuleManager: Shutting down and abandoning module GameplayDebugger (133)
[2016.10.06-05.41.42:614][512]LogModuleManager: Shutting down and abandoning module AITestSuite (132)
[2016.10.06-05.41.42:614][512]LogModuleManager: Shutting down and abandoning module AIModule (131)
[2016.10.06-05.41.42:614][512]LogModuleManager: Shutting down and abandoning module ProfilerService (130)
[2016.10.06-05.41.42:628][512]LogModuleManager: Shutting down and abandoning module TaskGraph (129)
[2016.10.06-05.41.42:628][512]LogModuleManager: Shutting down and abandoning module SlateRemote (128)
[2016.10.06-05.41.42:628][512]LogModuleManager: Shutting down and abandoning module ReplacementVolume (127)
[2016.10.06-05.41.42:628][512]LogModuleManager: Shutting down and abandoning module SimplygonGUI (126)
[2016.10.06-05.41.42:628][512]LogModuleManager: Shutting down and abandoning module SteamVRController (125)
[2016.10.06-05.41.42:628][512]LogModuleManager: Shutting down and abandoning module SteamVR (124)
[2016.10.06-05.41.42:628][512]LogModuleManager: Shutting down and abandoning module ProceduralMeshComponent (123)
[2016.10.06-05.41.42:628][512]LogModuleManager: Shutting down and abandoning module OculusLibrary (122)
[2016.10.06-05.41.42:628][512]LogModuleManager: Shutting down and abandoning module OculusInput (121)
[2016.10.06-05.41.42:629][512]LogModuleManager: Shutting down and abandoning module CustomMeshComponent (120)
[2016.10.06-05.41.42:629][512]LogModuleManager: Shutting down and abandoning module CableComponent (119)
[2016.10.06-05.41.42:629][512]LogModuleManager: Shutting down and abandoning module ArchVisCharacter (118)
[2016.10.06-05.41.42:629][512]LogModuleManager: Shutting down and abandoning module MediaPlayerEditor (117)
[2016.10.06-05.41.42:629][512]LogModuleManager: Shutting down and abandoning module HTML5Networking (116)
[2016.10.06-05.41.42:629][512]LogModuleManager: Shutting down and abandoning module SuperSearch (115)
[2016.10.06-05.41.42:629][512]LogModuleManager: Shutting down and abandoning module SuperSearchEditor (114)
[2016.10.06-05.41.42:629][512]LogModuleManager: Shutting down and abandoning module SpeedTreeImporter (113)
[2016.10.06-05.41.42:629][512]LogModuleManager: Shutting down and abandoning module PluginBrowser (112)
[2016.10.06-05.41.42:629][512]LogModuleManager: Shutting down and abandoning module EpicSurvey (111)
[2016.10.06-05.41.42:629][512]LogModuleManager: Shutting down and abandoning module DesktopPlatform (110)
[2016.10.06-05.41.42:629][512]LogModuleManager: Shutting down and abandoning module VisualStudioSourceCodeAccess (109)
[2016.10.06-05.41.42:629][512]LogModuleManager: Shutting down and abandoning module UObjectPlugin (108)
[2016.10.06-05.41.42:629][512]LogModuleManager: Shutting down and abandoning module SubversionSourceControl (107)
[2016.10.06-05.41.42:629][512]LogModuleManager: Shutting down and abandoning module PerforceSourceControl (106)
[2016.10.06-05.41.42:629][512]LogModuleManager: Shutting down and abandoning module SourceControl (105)
[2016.10.06-05.41.42:629][512]LogModuleManager: Shutting down and abandoning module GitSourceControl (104)
[2016.10.06-05.41.42:629][512]LogModuleManager: Shutting down and abandoning module LightPropagationVolumeEditor (103)
[2016.10.06-05.41.42:629][512]LogModuleManager: Shutting down and abandoning module PaperTiledImporter (102)
[2016.10.06-05.41.42:629][512]LogModuleManager: Shutting down and abandoning module PaperSpriteSheetImporter (101)
[2016.10.06-05.41.42:629][512]LogModuleManager: Shutting down and abandoning module MeshPaint (100)
[2016.10.06-05.41.42:629][512]LogModuleManager: Shutting down and abandoning module PixelInspectorModule (99)
[2016.10.06-05.41.42:629][512]LogModuleManager: Shutting down and abandoning module HotReload (98)
[2016.10.06-05.41.42:630][512]LogModuleManager: Shutting down and abandoning module MainFrame (97)
[2016.10.06-05.41.42:630][512]LogModuleManager: Shutting down and abandoning module LevelEditor (96)
[2016.10.06-05.41.42:631][512]LogModuleManager: Shutting down and abandoning module ContentBrowser (95)
[2016.10.06-05.41.42:633][512]LogModuleManager: Shutting down and abandoning module Paper2DEditor (94)
[2016.10.06-05.41.42:633][512]LogModuleManager: Shutting down and abandoning module UdpMessaging (93)
[2016.10.06-05.41.42:733][512]LogModuleManager: Shutting down and abandoning module LightPropagationVolumeRuntime (92)
[2016.10.06-05.41.42:733][512]LogModuleManager: Shutting down and abandoning module Paper2D (91)
[2016.10.06-05.41.42:733][512]LogModuleManager: Shutting down and abandoning module WindowsMoviePlayer (90)
[2016.10.06-05.41.42:733][512]LogModuleManager: Shutting down and abandoning module Media (89)
[2016.10.06-05.41.42:733][512]LogModuleManager: Shutting down and abandoning module WmfMedia (88)
[2016.10.06-05.41.42:733][512]LogModuleManager: Shutting down and abandoning module MediaAssets (87)
[2016.10.06-05.41.42:733][512]LogModuleManager: Shutting down and abandoning module GameLiveStreaming (86)
[2016.10.06-05.41.42:734][512]LogModuleManager: Shutting down and abandoning module GameplayTagsEditor (85)
[2016.10.06-05.41.42:734][512]LogModuleManager: Shutting down and abandoning module OnlineBlueprintSupport (84)
[2016.10.06-05.41.42:734][512]LogModuleManager: Shutting down and abandoning module VREditor (83)
[2016.10.06-05.41.42:734][512]LogModuleManager: Shutting down and abandoning module GameplayTasksEditor (82)
[2016.10.06-05.41.42:734][512]LogModuleManager: Shutting down and abandoning module PropertyEditor (81)
[2016.10.06-05.41.42:734][512]LogModuleManager: Shutting down and abandoning module BehaviorTreeEditor (80)
[2016.10.06-05.41.42:734][512]LogModuleManager: Shutting down and abandoning module FunctionalTesting (79)
[2016.10.06-05.41.42:734][512]LogModuleManager: Shutting down and abandoning module CollisionAnalyzer (78)
[2016.10.06-05.41.42:734][512]LogModuleManager: Shutting down and abandoning module Sequencer (77)
[2016.10.06-05.41.42:734][512]LogModuleManager: Shutting down and abandoning module MessageLog (76)
[2016.10.06-05.41.42:734][512]LogModuleManager: Shutting down and abandoning module AssetTools (75)
[2016.10.06-05.41.42:734][512]LogModuleManager: Shutting down and abandoning module UMGEditor (74)
[2016.10.06-05.41.42:734][512]LogModuleManager: Shutting down and abandoning module UMG (73)
[2016.10.06-05.41.42:734][512]LogModuleManager: Shutting down and abandoning module SlateReflector (72)
[2016.10.06-05.41.42:734][512]LogModuleManager: Shutting down and abandoning module Slate (71)
[2016.10.06-05.41.42:734][512]LogModuleManager: Shutting down and abandoning module SourceCodeAccess (70)
[2016.10.06-05.41.42:734][512]LogModuleManager: Shutting down and abandoning module HeadMountedDisplay (69)
[2016.10.06-05.41.42:734][512]LogModuleManager: Shutting down and abandoning module XAudio2 (68)
[2016.10.06-05.41.42:734][512]LogModuleManager: Shutting down and abandoning module Networking (66)
[2016.10.06-05.41.42:734][512]LogModuleManager: Shutting down and abandoning module Core (65)
[2016.10.06-05.41.42:734][512]LogModuleManager: Shutting down and abandoning module DirectoryWatcher (64)
[2016.10.06-05.41.42:735][512]LogModuleManager: Shutting down and abandoning module AssetRegistry (63)
[2016.10.06-05.41.42:867][512]LogModuleManager: Shutting down and abandoning module KismetCompiler (62)
[2016.10.06-05.41.42:867][512]LogModuleManager: Shutting down and abandoning module PhysXFormats (61)
[2016.10.06-05.41.42:867][512]LogModuleManager: Shutting down and abandoning module SimplygonSwarm (60)
[2016.10.06-05.41.42:867][512]LogModuleManager: Shutting down and abandoning module SimplygonMeshReduction (59)
[2016.10.06-05.41.42:867][512]LogModuleManager: Shutting down and abandoning module WorkspaceMenuStructure (58)
[2016.10.06-05.41.42:867][512]LogModuleManager: Shutting down and abandoning module EditorStyle (57)
[2016.10.06-05.41.42:870][512]LogModuleManager: Shutting down and abandoning module SimplygonUtilities (56)
[2016.10.06-05.41.42:870][512]LogModuleManager: Shutting down and abandoning module MeshUtilities (55)
[2016.10.06-05.41.42:870][512]LogModuleManager: Shutting down and abandoning module DerivedDataCache (54)
[2016.10.06-05.41.42:909][512]LogDerivedDataCache: Shutdown
[2016.10.06-05.41.42:909][512]LogModuleManager: Shutting down and abandoning module VulkanShaderFormat (53)
[2016.10.06-05.41.42:909][512]LogModuleManager: Shutting down and abandoning module ShaderFormatOpenGL (52)
[2016.10.06-05.41.42:909][512]LogModuleManager: Shutting down and abandoning module ShaderFormatD3D (51)
[2016.10.06-05.41.42:909][512]LogModuleManager: Shutting down and abandoning module MetalShaderFormat (50)
[2016.10.06-05.41.42:909][512]LogModuleManager: Shutting down and abandoning module TextureFormatUncompressed (49)
[2016.10.06-05.41.42:909][512]LogModuleManager: Shutting down and abandoning module TextureFormatPVR (48)
[2016.10.06-05.41.42:909][512]LogModuleManager: Shutting down and abandoning module TextureFormatIntelISPCTexComp (47)
[2016.10.06-05.41.42:909][512]LogModuleManager: Shutting down and abandoning module TextureFormatDXT (46)
[2016.10.06-05.41.42:909][512]LogModuleManager: Shutting down and abandoning module ImageWrapper (45)
[2016.10.06-05.41.42:909][512]LogModuleManager: Shutting down and abandoning module TextureFormatASTC (44)
[2016.10.06-05.41.42:909][512]LogModuleManager: Shutting down and abandoning module TextureFormatAndroid (43)
[2016.10.06-05.41.42:909][512]LogModuleManager: Shutting down and abandoning module AudioFormatOpus (42)
[2016.10.06-05.41.42:909][512]LogModuleManager: Shutting down and abandoning module AudioFormatOgg (41)
[2016.10.06-05.41.42:909][512]LogModuleManager: Shutting down and abandoning module AudioFormatADPCM (40)
[2016.10.06-05.41.42:909][512]LogModuleManager: Shutting down and abandoning module TVOSTargetPlatform (39)
[2016.10.06-05.41.42:909][512]LogModuleManager: Shutting down and abandoning module Messaging (38)
[2016.10.06-05.41.42:909][512]LogModuleManager: Shutting down and abandoning module IOSTargetPlatform (37)
[2016.10.06-05.41.42:909][512]LogModuleManager: Shutting down and abandoning module HTML5TargetPlatform (36)
[2016.10.06-05.41.42:909][512]LogModuleManager: Shutting down and abandoning module Android_PVRTCTargetPlatform (35)
[2016.10.06-05.41.42:909][512]LogModuleManager: Shutting down and abandoning module Android_MultiTargetPlatform (34)
[2016.10.06-05.41.42:909][512]LogModuleManager: Shutting down and abandoning module Android_ETC2TargetPlatform (33)
[2016.10.06-05.41.42:909][512]LogModuleManager: Shutting down and abandoning module Android_ETC1TargetPlatform (32)
[2016.10.06-05.41.42:909][512]LogModuleManager: Shutting down and abandoning module Android_DXTTargetPlatform (31)
[2016.10.06-05.41.42:909][512]LogModuleManager: Shutting down and abandoning module Android_ATCTargetPlatform (30)
[2016.10.06-05.41.42:909][512]LogModuleManager: Shutting down and abandoning module Android_ASTCTargetPlatform (29)
[2016.10.06-05.41.42:909][512]LogModuleManager: Shutting down and abandoning module AndroidTargetPlatform (28)
[2016.10.06-05.41.42:909][512]LogModuleManager: Shutting down and abandoning module WindowsTargetPlatform (27)
[2016.10.06-05.41.42:909][512]LogModuleManager: Shutting down and abandoning module WindowsServerTargetPlatform (26)
[2016.10.06-05.41.42:909][512]LogModuleManager: Shutting down and abandoning module WindowsNoEditorTargetPlatform (25)
[2016.10.06-05.41.42:909][512]LogModuleManager: Shutting down and abandoning module WindowsClientTargetPlatform (24)
[2016.10.06-05.41.42:910][512]LogModuleManager: Shutting down and abandoning module AllDesktopTargetPlatform (23)
[2016.10.06-05.41.42:910][512]LogModuleManager: Shutting down and abandoning module TargetPlatform (22)
[2016.10.06-05.41.42:910][512]LogModuleManager: Shutting down and abandoning module InputCore (21)
[2016.10.06-05.41.42:910][512]LogModuleManager: Shutting down and abandoning module Settings (20)
[2016.10.06-05.41.42:910][512]LogModuleManager: Shutting down and abandoning module OnlineSubsystem (18)
[2016.10.06-05.41.42:910][512]LogModuleManager: Shutting down and abandoning module HTTP (17)
[2016.10.06-05.41.42:910][512]LogModuleManager: Shutting down and abandoning module OculusRift (16)
[2016.10.06-05.41.42:910][512]LogModuleManager: Shutting down and abandoning module ExampleDeviceProfileSelector (15)
[2016.10.06-05.41.42:910][512]LogModuleManager: Shutting down and abandoning module TextureCompressor (14)
[2016.10.06-05.41.42:910][512]LogModuleManager: Shutting down and abandoning module ShaderCore (13)
[2016.10.06-05.41.42:910][512]LogModuleManager: Shutting down and abandoning module Landscape (12)
[2016.10.06-05.41.42:910][512]LogModuleManager: Shutting down and abandoning module SlateRHIRenderer (11)
[2016.10.06-05.41.42:917][512]LogModuleManager: Shutting down and abandoning module OpenGLDrv (10)
[2016.10.06-05.41.42:917][512]LogModuleManager: Shutting down and abandoning module D3D11RHI (9)
[2016.10.06-05.41.42:917][512]LogModuleManager: Shutting down and abandoning module AnimGraphRuntime (8)
[2016.10.06-05.41.42:917][512]LogModuleManager: Shutting down and abandoning module Renderer (7)
[2016.10.06-05.41.42:917][512]LogModuleManager: Shutting down and abandoning module Engine (6)
[2016.10.06-05.41.42:917][512]LogModuleManager: Shutting down and abandoning module CoreUObject (5)
[2016.10.06-05.41.42:917][512]LogModuleManager: Shutting down and abandoning module NetworkFile (4)
[2016.10.06-05.41.42:917][512]LogModuleManager: Shutting down and abandoning module StreamingFile (3)
[2016.10.06-05.41.42:917][512]LogModuleManager: Shutting down and abandoning module SandboxFile (2)
[2016.10.06-05.41.42:917][512]LogModuleManager: Shutting down and abandoning module PakFile (1)
[2016.10.06-05.41.42:920][512]LogExit: Exiting.
[2016.10.06-05.41.42:923][512]Log file closed, 10/06/16 14:41:42
